;  LST file generated by mikroListExporter - v.2.0 
; Date/Time: 13/09/2023 09:13:17
;----------------------------------------------

;Address Opcode 	ASM
0x0000	0xF000EF5B  	GOTO        182
0x0004	0x0000      	NOP
0x0006	0x0000      	NOP
0x0008	0xF000EF00  	GOTO        0
0x000C	0x0000      	NOP
0x000E	0x0000      	NOP
0x0010	0x0000      	NOP
0x0012	0x0000      	NOP
0x0014	0x0000      	NOP
0x0016	0x0000      	NOP
0x0018	0xD7F3      	BRA         0
_apaga:
;codigoMorse.c,1 :: 		void apaga(){
;codigoMorse.c,2 :: 		portd = 0;
0x001C	0x6A83      	CLRF        PORTD 
;codigoMorse.c,3 :: 		delay_ms(300);
0x001E	0x0E04      	MOVLW       4
0x0020	0x6E0B      	MOVWF       R11, 0
0x0022	0x0E0C      	MOVLW       12
0x0024	0x6E0C      	MOVWF       R12, 0
0x0026	0x0E33      	MOVLW       51
0x0028	0x6E0D      	MOVWF       R13, 0
L_apaga0:
0x002A	0x2E0D      	DECFSZ      R13, 1, 0
0x002C	0xD7FE      	BRA         L_apaga0
0x002E	0x2E0C      	DECFSZ      R12, 1, 0
0x0030	0xD7FC      	BRA         L_apaga0
0x0032	0x2E0B      	DECFSZ      R11, 1, 0
0x0034	0xD7FA      	BRA         L_apaga0
0x0036	0x0000      	NOP
0x0038	0x0000      	NOP
;codigoMorse.c,4 :: 		}
L_end_apaga:
0x003A	0x0012      	RETURN      0
; end of _apaga
_traco:
;codigoMorse.c,14 :: 		void traco(int apaga){
;codigoMorse.c,15 :: 		portd = 255;
0x003C	0x0EFF      	MOVLW       255
0x003E	0x6E83      	MOVWF       PORTD 
;codigoMorse.c,16 :: 		delay_ms(600);
0x0040	0x0E07      	MOVLW       7
0x0042	0x6E0B      	MOVWF       R11, 0
0x0044	0x0E17      	MOVLW       23
0x0046	0x6E0C      	MOVWF       R12, 0
0x0048	0x0E6A      	MOVLW       106
0x004A	0x6E0D      	MOVWF       R13, 0
L_traco3:
0x004C	0x2E0D      	DECFSZ      R13, 1, 0
0x004E	0xD7FE      	BRA         L_traco3
0x0050	0x2E0C      	DECFSZ      R12, 1, 0
0x0052	0xD7FC      	BRA         L_traco3
0x0054	0x2E0B      	DECFSZ      R11, 1, 0
0x0056	0xD7FA      	BRA         L_traco3
0x0058	0x0000      	NOP
;codigoMorse.c,17 :: 		if(apaga){
0x005A	0x5015      	MOVF        FARG_traco_apaga, 0 
0x005C	0x1016      	IORWF       FARG_traco_apaga+1, 0 
0x005E	0xE001      	BZ          L_traco4
;codigoMorse.c,18 :: 		apaga();
0x0060	0xDFDD      	RCALL       _apaga
;codigoMorse.c,19 :: 		}
L_traco4:
;codigoMorse.c,20 :: 		}
L_end_traco:
0x0062	0x0012      	RETURN      0
; end of _traco
_espaco:
;codigoMorse.c,22 :: 		void espaco(){
;codigoMorse.c,23 :: 		portd = 0;
0x0064	0x6A83      	CLRF        PORTD 
;codigoMorse.c,24 :: 		delay_ms(900);
0x0066	0x0E0A      	MOVLW       10
0x0068	0x6E0B      	MOVWF       R11, 0
0x006A	0x0E22      	MOVLW       34
0x006C	0x6E0C      	MOVWF       R12, 0
0x006E	0x0EA1      	MOVLW       161
0x0070	0x6E0D      	MOVWF       R13, 0
L_espaco5:
0x0072	0x2E0D      	DECFSZ      R13, 1, 0
0x0074	0xD7FE      	BRA         L_espaco5
0x0076	0x2E0C      	DECFSZ      R12, 1, 0
0x0078	0xD7FC      	BRA         L_espaco5
0x007A	0x2E0B      	DECFSZ      R11, 1, 0
0x007C	0xD7FA      	BRA         L_espaco5
;codigoMorse.c,25 :: 		}
L_end_espaco:
0x007E	0x0012      	RETURN      0
; end of _espaco
_ponto:
;codigoMorse.c,6 :: 		void ponto(int apaga){
;codigoMorse.c,7 :: 		portd = 255;
0x0080	0x0EFF      	MOVLW       255
0x0082	0x6E83      	MOVWF       PORTD 
;codigoMorse.c,8 :: 		delay_ms(200);
0x0084	0x0E03      	MOVLW       3
0x0086	0x6E0B      	MOVWF       R11, 0
0x0088	0x0E08      	MOVLW       8
0x008A	0x6E0C      	MOVWF       R12, 0
0x008C	0x0E77      	MOVLW       119
0x008E	0x6E0D      	MOVWF       R13, 0
L_ponto1:
0x0090	0x2E0D      	DECFSZ      R13, 1, 0
0x0092	0xD7FE      	BRA         L_ponto1
0x0094	0x2E0C      	DECFSZ      R12, 1, 0
0x0096	0xD7FC      	BRA         L_ponto1
0x0098	0x2E0B      	DECFSZ      R11, 1, 0
0x009A	0xD7FA      	BRA         L_ponto1
;codigoMorse.c,9 :: 		if(apaga){
0x009C	0x5015      	MOVF        FARG_ponto_apaga, 0 
0x009E	0x1016      	IORWF       FARG_ponto_apaga+1, 0 
0x00A0	0xE001      	BZ          L_ponto2
;codigoMorse.c,10 :: 		apaga();
0x00A2	0xDFBC      	RCALL       _apaga
;codigoMorse.c,11 :: 		}
L_ponto2:
;codigoMorse.c,12 :: 		}
L_end_ponto:
0x00A4	0x0012      	RETURN      0
; end of _ponto
___CC2DW:
;__Lib_System.c,21 :: 		
;__Lib_System.c,23 :: 		
_CC2DL_Loop1:
;__Lib_System.c,24 :: 		
0x00A6	0x0009      	TBLRD*+
;__Lib_System.c,25 :: 		
0x00A8	0xFFE6CFF5  	MOVFF       TABLAT, POSTINC1
;__Lib_System.c,26 :: 		
0x00AC	0x0600      	DECF        R0, 1, 0
;__Lib_System.c,27 :: 		
0x00AE	0xE1FB      	BNZ         _CC2DL_Loop1
;__Lib_System.c,28 :: 		
0x00B0	0x0601      	DECF        R1, 1, 0
;__Lib_System.c,29 :: 		
0x00B2	0xE1F9      	BNZ         _CC2DL_Loop1
;__Lib_System.c,31 :: 		
L_end___CC2DW:
0x00B4	0x0012      	RETURN      0
; end of ___CC2DW
_main:
;codigoMorse.c,27 :: 		void main() {
;codigoMorse.c,28 :: 		trisb = 1;
0x00B6	0x0E01      	MOVLW       1
0x00B8	0x6E93      	MOVWF       TRISB 
;codigoMorse.c,29 :: 		trisd = 0;
0x00BA	0x6A95      	CLRF        TRISD 
;codigoMorse.c,31 :: 		while(1){
L_main6:
;codigoMorse.c,32 :: 		while(portb.rb0 == 0){
L_main8:
0x00BC	0xB081      	BTFSC       PORTB, 0 
0x00BE	0xD048      	BRA         L_main9
;codigoMorse.c,33 :: 		apaga();          //inicia apagado
0x00C0	0xDFAD      	RCALL       _apaga
;codigoMorse.c,35 :: 		ponto(1);  //R
0x00C2	0x0E01      	MOVLW       1
0x00C4	0x6E15      	MOVWF       FARG_ponto_apaga 
0x00C6	0x0E00      	MOVLW       0
0x00C8	0x6E16      	MOVWF       FARG_ponto_apaga+1 
0x00CA	0xDFDA      	RCALL       _ponto
;codigoMorse.c,36 :: 		traco(1);
0x00CC	0x0E01      	MOVLW       1
0x00CE	0x6E15      	MOVWF       FARG_traco_apaga 
0x00D0	0x0E00      	MOVLW       0
0x00D2	0x6E16      	MOVWF       FARG_traco_apaga+1 
0x00D4	0xDFB3      	RCALL       _traco
;codigoMorse.c,37 :: 		ponto(0);
0x00D6	0x6A15      	CLRF        FARG_ponto_apaga 
0x00D8	0x6A16      	CLRF        FARG_ponto_apaga+1 
0x00DA	0xDFD2      	RCALL       _ponto
;codigoMorse.c,39 :: 		espaco();
0x00DC	0xDFC3      	RCALL       _espaco
;codigoMorse.c,41 :: 		ponto(1);  //P
0x00DE	0x0E01      	MOVLW       1
0x00E0	0x6E15      	MOVWF       FARG_ponto_apaga 
0x00E2	0x0E00      	MOVLW       0
0x00E4	0x6E16      	MOVWF       FARG_ponto_apaga+1 
0x00E6	0xDFCC      	RCALL       _ponto
;codigoMorse.c,42 :: 		traco(1);
0x00E8	0x0E01      	MOVLW       1
0x00EA	0x6E15      	MOVWF       FARG_traco_apaga 
0x00EC	0x0E00      	MOVLW       0
0x00EE	0x6E16      	MOVWF       FARG_traco_apaga+1 
0x00F0	0xDFA5      	RCALL       _traco
;codigoMorse.c,43 :: 		traco(1);
0x00F2	0x0E01      	MOVLW       1
0x00F4	0x6E15      	MOVWF       FARG_traco_apaga 
0x00F6	0x0E00      	MOVLW       0
0x00F8	0x6E16      	MOVWF       FARG_traco_apaga+1 
0x00FA	0xDFA0      	RCALL       _traco
;codigoMorse.c,44 :: 		ponto(0);
0x00FC	0x6A15      	CLRF        FARG_ponto_apaga 
0x00FE	0x6A16      	CLRF        FARG_ponto_apaga+1 
0x0100	0xDFBF      	RCALL       _ponto
;codigoMorse.c,46 :: 		espaco();
0x0102	0xDFB0      	RCALL       _espaco
;codigoMorse.c,48 :: 		ponto(1);  //L
0x0104	0x0E01      	MOVLW       1
0x0106	0x6E15      	MOVWF       FARG_ponto_apaga 
0x0108	0x0E00      	MOVLW       0
0x010A	0x6E16      	MOVWF       FARG_ponto_apaga+1 
0x010C	0xDFB9      	RCALL       _ponto
;codigoMorse.c,49 :: 		traco(1);
0x010E	0x0E01      	MOVLW       1
0x0110	0x6E15      	MOVWF       FARG_traco_apaga 
0x0112	0x0E00      	MOVLW       0
0x0114	0x6E16      	MOVWF       FARG_traco_apaga+1 
0x0116	0xDF92      	RCALL       _traco
;codigoMorse.c,50 :: 		ponto(1);
0x0118	0x0E01      	MOVLW       1
0x011A	0x6E15      	MOVWF       FARG_ponto_apaga 
0x011C	0x0E00      	MOVLW       0
0x011E	0x6E16      	MOVWF       FARG_ponto_apaga+1 
0x0120	0xDFAF      	RCALL       _ponto
;codigoMorse.c,51 :: 		ponto(0);
0x0122	0x6A15      	CLRF        FARG_ponto_apaga 
0x0124	0x6A16      	CLRF        FARG_ponto_apaga+1 
0x0126	0xDFAC      	RCALL       _ponto
;codigoMorse.c,53 :: 		espaco();
0x0128	0xDF9D      	RCALL       _espaco
;codigoMorse.c,55 :: 		traco(1);  // B
0x012A	0x0E01      	MOVLW       1
0x012C	0x6E15      	MOVWF       FARG_traco_apaga 
0x012E	0x0E00      	MOVLW       0
0x0130	0x6E16      	MOVWF       FARG_traco_apaga+1 
0x0132	0xDF84      	RCALL       _traco
;codigoMorse.c,56 :: 		ponto(1);
0x0134	0x0E01      	MOVLW       1
0x0136	0x6E15      	MOVWF       FARG_ponto_apaga 
0x0138	0x0E00      	MOVLW       0
0x013A	0x6E16      	MOVWF       FARG_ponto_apaga+1 
0x013C	0xDFA1      	RCALL       _ponto
;codigoMorse.c,57 :: 		ponto(1);
0x013E	0x0E01      	MOVLW       1
0x0140	0x6E15      	MOVWF       FARG_ponto_apaga 
0x0142	0x0E00      	MOVLW       0
0x0144	0x6E16      	MOVWF       FARG_ponto_apaga+1 
0x0146	0xDF9C      	RCALL       _ponto
;codigoMorse.c,58 :: 		ponto(0);
0x0148	0x6A15      	CLRF        FARG_ponto_apaga 
0x014A	0x6A16      	CLRF        FARG_ponto_apaga+1 
0x014C	0xDF99      	RCALL       _ponto
;codigoMorse.c,60 :: 		}
0x014E	0xD7B6      	BRA         L_main8
L_main9:
;codigoMorse.c,62 :: 		while(portb.rb1 == 0){
L_main10:
0x0150	0xB281      	BTFSC       PORTB, 1 
0x0152	0xD0D6      	BRA         L_main11
;codigoMorse.c,63 :: 		ponto(1);  //2
0x0154	0x0E01      	MOVLW       1
0x0156	0x6E15      	MOVWF       FARG_ponto_apaga 
0x0158	0x0E00      	MOVLW       0
0x015A	0x6E16      	MOVWF       FARG_ponto_apaga+1 
0x015C	0xDF91      	RCALL       _ponto
;codigoMorse.c,64 :: 		ponto(1);
0x015E	0x0E01      	MOVLW       1
0x0160	0x6E15      	MOVWF       FARG_ponto_apaga 
0x0162	0x0E00      	MOVLW       0
0x0164	0x6E16      	MOVWF       FARG_ponto_apaga+1 
0x0166	0xDF8C      	RCALL       _ponto
;codigoMorse.c,65 :: 		traco(1);
0x0168	0x0E01      	MOVLW       1
0x016A	0x6E15      	MOVWF       FARG_traco_apaga 
0x016C	0x0E00      	MOVLW       0
0x016E	0x6E16      	MOVWF       FARG_traco_apaga+1 
0x0170	0xDF65      	RCALL       _traco
;codigoMorse.c,66 :: 		traco(1);
0x0172	0x0E01      	MOVLW       1
0x0174	0x6E15      	MOVWF       FARG_traco_apaga 
0x0176	0x0E00      	MOVLW       0
0x0178	0x6E16      	MOVWF       FARG_traco_apaga+1 
0x017A	0xDF60      	RCALL       _traco
;codigoMorse.c,67 :: 		traco(0);
0x017C	0x6A15      	CLRF        FARG_traco_apaga 
0x017E	0x6A16      	CLRF        FARG_traco_apaga+1 
0x0180	0xDF5D      	RCALL       _traco
;codigoMorse.c,69 :: 		traco(1);  //0
0x0182	0x0E01      	MOVLW       1
0x0184	0x6E15      	MOVWF       FARG_traco_apaga 
0x0186	0x0E00      	MOVLW       0
0x0188	0x6E16      	MOVWF       FARG_traco_apaga+1 
0x018A	0xDF58      	RCALL       _traco
;codigoMorse.c,70 :: 		traco(1);
0x018C	0x0E01      	MOVLW       1
0x018E	0x6E15      	MOVWF       FARG_traco_apaga 
0x0190	0x0E00      	MOVLW       0
0x0192	0x6E16      	MOVWF       FARG_traco_apaga+1 
0x0194	0xDF53      	RCALL       _traco
;codigoMorse.c,71 :: 		traco(1);
0x0196	0x0E01      	MOVLW       1
0x0198	0x6E15      	MOVWF       FARG_traco_apaga 
0x019A	0x0E00      	MOVLW       0
0x019C	0x6E16      	MOVWF       FARG_traco_apaga+1 
0x019E	0xDF4E      	RCALL       _traco
;codigoMorse.c,72 :: 		traco(1);
0x01A0	0x0E01      	MOVLW       1
0x01A2	0x6E15      	MOVWF       FARG_traco_apaga 
0x01A4	0x0E00      	MOVLW       0
0x01A6	0x6E16      	MOVWF       FARG_traco_apaga+1 
0x01A8	0xDF49      	RCALL       _traco
;codigoMorse.c,73 :: 		traco(1);
0x01AA	0x0E01      	MOVLW       1
0x01AC	0x6E15      	MOVWF       FARG_traco_apaga 
0x01AE	0x0E00      	MOVLW       0
0x01B0	0x6E16      	MOVWF       FARG_traco_apaga+1 
0x01B2	0xDF44      	RCALL       _traco
;codigoMorse.c,75 :: 		ponto(1);  //2
0x01B4	0x0E01      	MOVLW       1
0x01B6	0x6E15      	MOVWF       FARG_ponto_apaga 
0x01B8	0x0E00      	MOVLW       0
0x01BA	0x6E16      	MOVWF       FARG_ponto_apaga+1 
0x01BC	0xDF61      	RCALL       _ponto
;codigoMorse.c,76 :: 		ponto(1);
0x01BE	0x0E01      	MOVLW       1
0x01C0	0x6E15      	MOVWF       FARG_ponto_apaga 
0x01C2	0x0E00      	MOVLW       0
0x01C4	0x6E16      	MOVWF       FARG_ponto_apaga+1 
0x01C6	0xDF5C      	RCALL       _ponto
;codigoMorse.c,77 :: 		traco(1);
0x01C8	0x0E01      	MOVLW       1
0x01CA	0x6E15      	MOVWF       FARG_traco_apaga 
0x01CC	0x0E00      	MOVLW       0
0x01CE	0x6E16      	MOVWF       FARG_traco_apaga+1 
0x01D0	0xDF35      	RCALL       _traco
;codigoMorse.c,78 :: 		traco(1);
0x01D2	0x0E01      	MOVLW       1
0x01D4	0x6E15      	MOVWF       FARG_traco_apaga 
0x01D6	0x0E00      	MOVLW       0
0x01D8	0x6E16      	MOVWF       FARG_traco_apaga+1 
0x01DA	0xDF30      	RCALL       _traco
;codigoMorse.c,79 :: 		traco(0);
0x01DC	0x6A15      	CLRF        FARG_traco_apaga 
0x01DE	0x6A16      	CLRF        FARG_traco_apaga+1 
0x01E0	0xDF2D      	RCALL       _traco
;codigoMorse.c,81 :: 		traco(1);  //0
0x01E2	0x0E01      	MOVLW       1
0x01E4	0x6E15      	MOVWF       FARG_traco_apaga 
0x01E6	0x0E00      	MOVLW       0
0x01E8	0x6E16      	MOVWF       FARG_traco_apaga+1 
0x01EA	0xDF28      	RCALL       _traco
;codigoMorse.c,82 :: 		traco(1);
0x01EC	0x0E01      	MOVLW       1
0x01EE	0x6E15      	MOVWF       FARG_traco_apaga 
0x01F0	0x0E00      	MOVLW       0
0x01F2	0x6E16      	MOVWF       FARG_traco_apaga+1 
0x01F4	0xDF23      	RCALL       _traco
;codigoMorse.c,83 :: 		traco(1);
0x01F6	0x0E01      	MOVLW       1
0x01F8	0x6E15      	MOVWF       FARG_traco_apaga 
0x01FA	0x0E00      	MOVLW       0
0x01FC	0x6E16      	MOVWF       FARG_traco_apaga+1 
0x01FE	0xDF1E      	RCALL       _traco
;codigoMorse.c,84 :: 		traco(1);
0x0200	0x0E01      	MOVLW       1
0x0202	0x6E15      	MOVWF       FARG_traco_apaga 
0x0204	0x0E00      	MOVLW       0
0x0206	0x6E16      	MOVWF       FARG_traco_apaga+1 
0x0208	0xDF19      	RCALL       _traco
;codigoMorse.c,85 :: 		traco(0);
0x020A	0x6A15      	CLRF        FARG_traco_apaga 
0x020C	0x6A16      	CLRF        FARG_traco_apaga+1 
0x020E	0xDF16      	RCALL       _traco
;codigoMorse.c,87 :: 		ponto(1);  //1
0x0210	0x0E01      	MOVLW       1
0x0212	0x6E15      	MOVWF       FARG_ponto_apaga 
0x0214	0x0E00      	MOVLW       0
0x0216	0x6E16      	MOVWF       FARG_ponto_apaga+1 
0x0218	0xDF33      	RCALL       _ponto
;codigoMorse.c,88 :: 		traco(1);
0x021A	0x0E01      	MOVLW       1
0x021C	0x6E15      	MOVWF       FARG_traco_apaga 
0x021E	0x0E00      	MOVLW       0
0x0220	0x6E16      	MOVWF       FARG_traco_apaga+1 
0x0222	0xDF0C      	RCALL       _traco
;codigoMorse.c,89 :: 		traco(1);
0x0224	0x0E01      	MOVLW       1
0x0226	0x6E15      	MOVWF       FARG_traco_apaga 
0x0228	0x0E00      	MOVLW       0
0x022A	0x6E16      	MOVWF       FARG_traco_apaga+1 
0x022C	0xDF07      	RCALL       _traco
;codigoMorse.c,90 :: 		traco(1);
0x022E	0x0E01      	MOVLW       1
0x0230	0x6E15      	MOVWF       FARG_traco_apaga 
0x0232	0x0E00      	MOVLW       0
0x0234	0x6E16      	MOVWF       FARG_traco_apaga+1 
0x0236	0xDF02      	RCALL       _traco
;codigoMorse.c,91 :: 		traco(0);
0x0238	0x6A15      	CLRF        FARG_traco_apaga 
0x023A	0x6A16      	CLRF        FARG_traco_apaga+1 
0x023C	0xDEFF      	RCALL       _traco
;codigoMorse.c,93 :: 		traco(1);  //0
0x023E	0x0E01      	MOVLW       1
0x0240	0x6E15      	MOVWF       FARG_traco_apaga 
0x0242	0x0E00      	MOVLW       0
0x0244	0x6E16      	MOVWF       FARG_traco_apaga+1 
0x0246	0xDEFA      	RCALL       _traco
;codigoMorse.c,94 :: 		traco(1);
0x0248	0x0E01      	MOVLW       1
0x024A	0x6E15      	MOVWF       FARG_traco_apaga 
0x024C	0x0E00      	MOVLW       0
0x024E	0x6E16      	MOVWF       FARG_traco_apaga+1 
0x0250	0xDEF5      	RCALL       _traco
;codigoMorse.c,95 :: 		traco(1);
0x0252	0x0E01      	MOVLW       1
0x0254	0x6E15      	MOVWF       FARG_traco_apaga 
0x0256	0x0E00      	MOVLW       0
0x0258	0x6E16      	MOVWF       FARG_traco_apaga+1 
0x025A	0xDEF0      	RCALL       _traco
;codigoMorse.c,96 :: 		traco(1);
0x025C	0x0E01      	MOVLW       1
0x025E	0x6E15      	MOVWF       FARG_traco_apaga 
0x0260	0x0E00      	MOVLW       0
0x0262	0x6E16      	MOVWF       FARG_traco_apaga+1 
0x0264	0xDEEB      	RCALL       _traco
;codigoMorse.c,97 :: 		traco(0);
0x0266	0x6A15      	CLRF        FARG_traco_apaga 
0x0268	0x6A16      	CLRF        FARG_traco_apaga+1 
0x026A	0xDEE8      	RCALL       _traco
;codigoMorse.c,99 :: 		ponto(1);  //5
0x026C	0x0E01      	MOVLW       1
0x026E	0x6E15      	MOVWF       FARG_ponto_apaga 
0x0270	0x0E00      	MOVLW       0
0x0272	0x6E16      	MOVWF       FARG_ponto_apaga+1 
0x0274	0xDF05      	RCALL       _ponto
;codigoMorse.c,100 :: 		ponto(1);
0x0276	0x0E01      	MOVLW       1
0x0278	0x6E15      	MOVWF       FARG_ponto_apaga 
0x027A	0x0E00      	MOVLW       0
0x027C	0x6E16      	MOVWF       FARG_ponto_apaga+1 
0x027E	0xDF00      	RCALL       _ponto
;codigoMorse.c,101 :: 		ponto(1);
0x0280	0x0E01      	MOVLW       1
0x0282	0x6E15      	MOVWF       FARG_ponto_apaga 
0x0284	0x0E00      	MOVLW       0
0x0286	0x6E16      	MOVWF       FARG_ponto_apaga+1 
0x0288	0xDEFB      	RCALL       _ponto
;codigoMorse.c,102 :: 		ponto(1);
0x028A	0x0E01      	MOVLW       1
0x028C	0x6E15      	MOVWF       FARG_ponto_apaga 
0x028E	0x0E00      	MOVLW       0
0x0290	0x6E16      	MOVWF       FARG_ponto_apaga+1 
0x0292	0xDEF6      	RCALL       _ponto
;codigoMorse.c,103 :: 		ponto(1);
0x0294	0x0E01      	MOVLW       1
0x0296	0x6E15      	MOVWF       FARG_ponto_apaga 
0x0298	0x0E00      	MOVLW       0
0x029A	0x6E16      	MOVWF       FARG_ponto_apaga+1 
0x029C	0xDEF1      	RCALL       _ponto
;codigoMorse.c,105 :: 		traco(1);  //0
0x029E	0x0E01      	MOVLW       1
0x02A0	0x6E15      	MOVWF       FARG_traco_apaga 
0x02A2	0x0E00      	MOVLW       0
0x02A4	0x6E16      	MOVWF       FARG_traco_apaga+1 
0x02A6	0xDECA      	RCALL       _traco
;codigoMorse.c,106 :: 		traco(1);
0x02A8	0x0E01      	MOVLW       1
0x02AA	0x6E15      	MOVWF       FARG_traco_apaga 
0x02AC	0x0E00      	MOVLW       0
0x02AE	0x6E16      	MOVWF       FARG_traco_apaga+1 
0x02B0	0xDEC5      	RCALL       _traco
;codigoMorse.c,107 :: 		traco(1);
0x02B2	0x0E01      	MOVLW       1
0x02B4	0x6E15      	MOVWF       FARG_traco_apaga 
0x02B6	0x0E00      	MOVLW       0
0x02B8	0x6E16      	MOVWF       FARG_traco_apaga+1 
0x02BA	0xDEC0      	RCALL       _traco
;codigoMorse.c,108 :: 		traco(1);
0x02BC	0x0E01      	MOVLW       1
0x02BE	0x6E15      	MOVWF       FARG_traco_apaga 
0x02C0	0x0E00      	MOVLW       0
0x02C2	0x6E16      	MOVWF       FARG_traco_apaga+1 
0x02C4	0xDEBB      	RCALL       _traco
;codigoMorse.c,109 :: 		traco(0);
0x02C6	0x6A15      	CLRF        FARG_traco_apaga 
0x02C8	0x6A16      	CLRF        FARG_traco_apaga+1 
0x02CA	0xDEB8      	RCALL       _traco
;codigoMorse.c,111 :: 		ponto(1);  //5
0x02CC	0x0E01      	MOVLW       1
0x02CE	0x6E15      	MOVWF       FARG_ponto_apaga 
0x02D0	0x0E00      	MOVLW       0
0x02D2	0x6E16      	MOVWF       FARG_ponto_apaga+1 
0x02D4	0xDED5      	RCALL       _ponto
;codigoMorse.c,112 :: 		ponto(1);
0x02D6	0x0E01      	MOVLW       1
0x02D8	0x6E15      	MOVWF       FARG_ponto_apaga 
0x02DA	0x0E00      	MOVLW       0
0x02DC	0x6E16      	MOVWF       FARG_ponto_apaga+1 
0x02DE	0xDED0      	RCALL       _ponto
;codigoMorse.c,113 :: 		ponto(1);
0x02E0	0x0E01      	MOVLW       1
0x02E2	0x6E15      	MOVWF       FARG_ponto_apaga 
0x02E4	0x0E00      	MOVLW       0
0x02E6	0x6E16      	MOVWF       FARG_ponto_apaga+1 
0x02E8	0xDECB      	RCALL       _ponto
;codigoMorse.c,114 :: 		ponto(1);
0x02EA	0x0E01      	MOVLW       1
0x02EC	0x6E15      	MOVWF       FARG_ponto_apaga 
0x02EE	0x0E00      	MOVLW       0
0x02F0	0x6E16      	MOVWF       FARG_ponto_apaga+1 
0x02F2	0xDEC6      	RCALL       _ponto
;codigoMorse.c,115 :: 		ponto(1);
0x02F4	0x0E01      	MOVLW       1
0x02F6	0x6E15      	MOVWF       FARG_ponto_apaga 
0x02F8	0x0E00      	MOVLW       0
0x02FA	0x6E16      	MOVWF       FARG_ponto_apaga+1 
0x02FC	0xDEC1      	RCALL       _ponto
;codigoMorse.c,116 :: 		}
0x02FE	0xD728      	BRA         L_main10
L_main11:
;codigoMorse.c,117 :: 		}
0x0300	0xD6DD      	BRA         L_main6
;codigoMorse.c,118 :: 		}
L_end_main:
0x0302	0xD7FF      	BRA         $+0
; end of _main
Symbol List:
//** Routines locations **
//ADDRESS    SIZE    PROCEDURE
//----------------------------------------------
0x001C      [32]    _apaga
0x003C      [40]    _traco
0x0064      [28]    _espaco
0x0080      [38]    _ponto
0x00A6      [16]    ___CC2DW
0x00B6     [590]    _main
//** Variables locations ** 
//ADDRESS    SIZE    VARIABLE
//----------------------------------------------
0x0000       [1]    UART1_Init_tmp_L0
0x0000       [1]    FLASH_Erase_64_SaveINTCON_L0
0x0000       [1]    __Lib_SoftI2C_PutZerosToLATScl_temp_scl_L0
0x0000       [1]    R0
0x0000       [1]    SPI1_Write_tmp_L0
0x0000       [1]    __Lib_SoftI2C_PutZerosToLATSda_temp_sda_L0
0x0000       [1]    EEPROM_Write_SaveINTCON_L0
0x0001       [1]    __Lib_TFT_JPEG_FileRead_i_L0
0x0001       [2]    FLASH_Read_N_Bytes_i_L0
0x0001       [1]    R1
0x0001       [1]    FLASH_Write_8_i_L0
0x0001       [1]    __Lib_TFT_16bit_JPEG_FileReadBytes_Result_L0
0x0001       [1]    UART1_Read___tmp_UART1_Read_L0
0x0001       [1]    I2C1_Rd_tmp_L0
0x0001       [1]    __Lib_TFT_JPEG_FileReadBytes_Result_L0
0x0001       [1]    ispunct_rslt_L0
0x0001       [1]    __Lib_PS2_Wait_Falling_nsample_L0
0x0001       [1]    FLASH_Erase_Write_64_i_L0
0x0001       [1]    __Lib_TFT_16bit_JPEG_FileRead_i_L0
0x0002       [1]    FLASH_Write_8_SaveINTCON_L0
0x0002       [1]    FLASH_Erase_Write_64_j_L0
0x0002       [2]    memchr_s_L0
0x0002       [2]    memcpy_dd_L0
0x0002       [2]    strlen_cp_L0
0x0002       [2]    memset_pp_L0
0x0002       [1]    R2
0x0003       [1]    FLASH_Erase_Write_64_SaveINTCON_L0
0x0003       [1]    MM_Init_i_L0
0x0003       [1]    R3
0x0003       [2]    Ltrim_original_L0
0x0003       [2]    __Lib_MmcFat16_f16_toInt_l_L0
0x0003       [1]    __Lib_Sprinti_?FLOC____Lib_Sprinti_Do_FillT29
0x0003       [2]    MM_TotalFreeMemSize_Tot_L0
0x0003       [2]    memmove_tt_L0
0x0004       [2]    strcpy_cp_L0
0x0004       [2]    strncat_cp_L0
0x0004       [1]    __Lib_Sprinti_?FLOC____Lib_Sprinti_Do_FillT40
0x0004       [2]    memcpy_ss_L0
0x0004       [2]    strncpy_cp_L0
0x0004       [2]    frexp_pom_L0
0x0004       [2]    __Lib_MemManager_MM_GetMemAlign_P_L0
0x0004       [2]    strcat_cp_L0
0x0004       [1]    R4
0x0005       [2]    LongWordToHex_input_half_L0
0x0005       [1]    __Lib_Sprinti_?FLOC____Lib_Sprinti_Do_FillT54
0x0005       [2]    LongIntToHex_input_half_L0
0x0005       [2]    memmove_ff_L0
0x0005       [2]    Ltrim_p_L0
0x0005       [1]    R5
0x0005       [1]    MM_TotalFreeMemSize_i_L0
0x0006       [1]    __Lib_Sprinti_?FLOC____Lib_Sprinti_Do_FillT69
0x0006       [1]    __Lib_MemManager_MM_GetMemAlign_i_L0
0x0006       [1]    R6
0x0007       [1]    __Lib_TFT_JPEG_GenerateHuffmanTables_bLength_L0
0x0007       [1]    R7
0x0007       [1]    __Lib_TFT_16bit_JPEG_GenerateHuffmanTables_bLength_L0
0x0008       [1]    __Lib_TFT_16bit_JPEG_GenerateHuffmanTables_bTable_L0
0x0008       [1]    R8
0x0008       [1]    __Lib_TFT_JPEG_GenerateHuffmanTables_bTable_L0
0x0009       [4]    __Lib_MmcFat16_f16_toLong_l_L0
0x0009       [1]    R9
0x000A       [1]    R10
0x000B       [1]    R11
0x000C       [1]    R12
0x000D       [1]    R13
0x000E       [1]    R14
0x000F       [1]    R15
0x0010       [1]    R16
0x0011       [1]    R17
0x0012       [1]    R18
0x0013       [1]    R19
0x0014       [1]    R20
0x0015       [2]    FARG_ponto_apaga
0x0015       [2]    FARG_traco_apaga
0x0F81       [1]    PORTB
0x0F83       [1]    PORTD
0x0F93       [1]    TRISB
0x0F95       [1]    TRISD
0x0FD8       [1]    STATUS
0x0FD9       [1]    FSR2L
0x0FDA       [1]    FSR2H
0x0FDE       [1]    POSTINC2
0x0FE0       [1]    BSR
0x0FE1       [1]    FSR1L
0x0FE2       [1]    FSR1H
0x0FE4       [1]    PREINC1
0x0FE6       [1]    POSTINC1
0x0FE7       [1]    INDF1
0x0FE8       [1]    WREG
0x0FE9       [1]    FSR0L
0x0FEA       [1]    FSR0H
0x0FEE       [1]    POSTINC0
0x0FF3       [1]    PRODL
0x0FF4       [1]    PRODH
0x0FF5       [1]    TABLAT
0x0FF6       [1]    TBLPTRL
0x0FF7       [1]    TBLPTRH
0x0FF8       [1]    TBLPTRU
//** Label List: ** 
//----------------------------------------------
  L_apaga0
  L_ponto1
  L_ponto2
  L_traco3
  L_traco4
  L_espaco5
  L_main6
  L_main7
  L_main8
  L_main9
  L_main10
  L_main11
  L_end_apaga
  _apaga
  L_end_ponto
  _ponto
  L_end_traco
  _traco
  L_end_espaco
  _espaco
  L_end_main
  _main
  _CC2D_Loop1
  _CC2DL_Loop1
  L_loopCA2AWs
  L_loopCCA2AWs
  L_loopCS2Ss
  L_CS2Send
  L_loopCCS2Ss
  L_CCS2Send
  L_loopFZinSWs
  L_longjmp7
  L_end___CC2D
  ___CC2D
  L_end___CC2DW
  ___CC2DW
  L_end___CA2AW
  ___CA2AW
  L_end___CCA2AW
  ___CCA2AW
  L_end___CS2S
  ___CS2S
  L_end___CCS2S
  ___CCS2S
  L_end___FZinS
  ___FZinS
  L_end_____DoIFC
  _____DoIFC
  L_end_Swap
  _Swap
  L_end_setjmp
  _setjmp
  L_end_longjmp
  _longjmp
