;  LST file generated by mikroListExporter - v.2.0 
; Date/Time: 18/10/2023 09:08:08
;----------------------------------------------

;Address Opcode 	ASM
0x0000	0xF001EF16  	GOTO        556
0x0004	0x0000      	NOP
0x0006	0x0000      	NOP
0x0008	0xF000EF00  	GOTO        0
0x000C	0x0000      	NOP
0x000E	0x0000      	NOP
0x0010	0x0000      	NOP
0x0012	0x0000      	NOP
0x0014	0x0000      	NOP
0x0016	0x0000      	NOP
0x0018	0xD7F3      	BRA         0
_Delay_1us:
;__Lib_Delays.c,7 :: 		void Delay_1us() {
;__Lib_Delays.c,8 :: 		Delay_us(1);
0x001C	0x0000      	NOP
0x001E	0x0000      	NOP
;__Lib_Delays.c,9 :: 		}
L_end_Delay_1us:
0x0020	0x0012      	RETURN      0
; end of _Delay_1us
_Delay_5500us:
;__Lib_Delays.c,31 :: 		void Delay_5500us() {
;__Lib_Delays.c,32 :: 		Delay_us(5500);
0x0022	0x0E0F      	MOVLW       15
0x0024	0x6E0C      	MOVWF       R12, 0
0x0026	0x0E47      	MOVLW       71
0x0028	0x6E0D      	MOVWF       R13, 0
L_Delay_5500us5:
0x002A	0x2E0D      	DECFSZ      R13, 1, 0
0x002C	0xD7FE      	BRA         L_Delay_5500us5
0x002E	0x2E0C      	DECFSZ      R12, 1, 0
0x0030	0xD7FC      	BRA         L_Delay_5500us5
0x0032	0x0000      	NOP
0x0034	0x0000      	NOP
;__Lib_Delays.c,33 :: 		}
L_end_Delay_5500us:
0x0036	0x0012      	RETURN      0
; end of _Delay_5500us
_Delay_50us:
;__Lib_Delays.c,19 :: 		void Delay_50us() {
;__Lib_Delays.c,20 :: 		Delay_us(50);
0x0038	0x0E21      	MOVLW       33
0x003A	0x6E0D      	MOVWF       R13, 0
L_Delay_50us2:
0x003C	0x2E0D      	DECFSZ      R13, 1, 0
0x003E	0xD7FE      	BRA         L_Delay_50us2
;__Lib_Delays.c,21 :: 		}
L_end_Delay_50us:
0x0040	0x0012      	RETURN      0
; end of _Delay_50us
_Lcd_Cmd:
;__Lib_Lcd.c,18 :: 		
;__Lib_Lcd.c,20 :: 		
0x0042	0xBE3C      	BTFSC       FARG_Lcd_Cmd_out_char, 7 
0x0044	0xD002      	BRA         L__Lcd_Cmd21
0x0046	0x9E83      	BCF         LCD_D7, BitPos(LCD_D7+0) 
0x0048	0xD001      	BRA         L__Lcd_Cmd22
L__Lcd_Cmd21:
0x004A	0x8E83      	BSF         LCD_D7, BitPos(LCD_D7+0) 
L__Lcd_Cmd22:
;__Lib_Lcd.c,21 :: 		
0x004C	0xBC3C      	BTFSC       FARG_Lcd_Cmd_out_char, 6 
0x004E	0xD002      	BRA         L__Lcd_Cmd23
0x0050	0x9C83      	BCF         LCD_D6, BitPos(LCD_D6+0) 
0x0052	0xD001      	BRA         L__Lcd_Cmd24
L__Lcd_Cmd23:
0x0054	0x8C83      	BSF         LCD_D6, BitPos(LCD_D6+0) 
L__Lcd_Cmd24:
;__Lib_Lcd.c,22 :: 		
0x0056	0xBA3C      	BTFSC       FARG_Lcd_Cmd_out_char, 5 
0x0058	0xD002      	BRA         L__Lcd_Cmd25
0x005A	0x9A83      	BCF         LCD_D5, BitPos(LCD_D5+0) 
0x005C	0xD001      	BRA         L__Lcd_Cmd26
L__Lcd_Cmd25:
0x005E	0x8A83      	BSF         LCD_D5, BitPos(LCD_D5+0) 
L__Lcd_Cmd26:
;__Lib_Lcd.c,23 :: 		
0x0060	0xB83C      	BTFSC       FARG_Lcd_Cmd_out_char, 4 
0x0062	0xD002      	BRA         L__Lcd_Cmd27
0x0064	0x9883      	BCF         LCD_D4, BitPos(LCD_D4+0) 
0x0066	0xD001      	BRA         L__Lcd_Cmd28
L__Lcd_Cmd27:
0x0068	0x8883      	BSF         LCD_D4, BitPos(LCD_D4+0) 
L__Lcd_Cmd28:
;__Lib_Lcd.c,25 :: 		
0x006A	0xB033      	BTFSC       __Lib_Lcd_cmd_status, BitPos(__Lib_Lcd_cmd_status+0) 
0x006C	0xD002      	BRA         L__Lcd_Cmd29
0x006E	0x8484      	BSF         LCD_RS, BitPos(LCD_RS+0) 
0x0070	0xD001      	BRA         L__Lcd_Cmd30
L__Lcd_Cmd29:
0x0072	0x9484      	BCF         LCD_RS, BitPos(LCD_RS+0) 
L__Lcd_Cmd30:
;__Lib_Lcd.c,28 :: 		
0x0074	0x8284      	BSF         LCD_EN, BitPos(LCD_EN+0) 
;__Lib_Lcd.c,29 :: 		
0x0076	0xDFD2      	RCALL       _Delay_1us
;__Lib_Lcd.c,30 :: 		
0x0078	0x9284      	BCF         LCD_EN, BitPos(LCD_EN+0) 
;__Lib_Lcd.c,33 :: 		
0x007A	0xB63C      	BTFSC       FARG_Lcd_Cmd_out_char, 3 
0x007C	0xD002      	BRA         L__Lcd_Cmd31
0x007E	0x9E83      	BCF         LCD_D7, BitPos(LCD_D7+0) 
0x0080	0xD001      	BRA         L__Lcd_Cmd32
L__Lcd_Cmd31:
0x0082	0x8E83      	BSF         LCD_D7, BitPos(LCD_D7+0) 
L__Lcd_Cmd32:
;__Lib_Lcd.c,34 :: 		
0x0084	0xB43C      	BTFSC       FARG_Lcd_Cmd_out_char, 2 
0x0086	0xD002      	BRA         L__Lcd_Cmd33
0x0088	0x9C83      	BCF         LCD_D6, BitPos(LCD_D6+0) 
0x008A	0xD001      	BRA         L__Lcd_Cmd34
L__Lcd_Cmd33:
0x008C	0x8C83      	BSF         LCD_D6, BitPos(LCD_D6+0) 
L__Lcd_Cmd34:
;__Lib_Lcd.c,35 :: 		
0x008E	0xB23C      	BTFSC       FARG_Lcd_Cmd_out_char, 1 
0x0090	0xD002      	BRA         L__Lcd_Cmd35
0x0092	0x9A83      	BCF         LCD_D5, BitPos(LCD_D5+0) 
0x0094	0xD001      	BRA         L__Lcd_Cmd36
L__Lcd_Cmd35:
0x0096	0x8A83      	BSF         LCD_D5, BitPos(LCD_D5+0) 
L__Lcd_Cmd36:
;__Lib_Lcd.c,36 :: 		
0x0098	0xB03C      	BTFSC       FARG_Lcd_Cmd_out_char, 0 
0x009A	0xD002      	BRA         L__Lcd_Cmd37
0x009C	0x9883      	BCF         LCD_D4, BitPos(LCD_D4+0) 
0x009E	0xD001      	BRA         L__Lcd_Cmd38
L__Lcd_Cmd37:
0x00A0	0x8883      	BSF         LCD_D4, BitPos(LCD_D4+0) 
L__Lcd_Cmd38:
;__Lib_Lcd.c,38 :: 		
0x00A2	0xB033      	BTFSC       __Lib_Lcd_cmd_status, BitPos(__Lib_Lcd_cmd_status+0) 
0x00A4	0xD002      	BRA         L__Lcd_Cmd39
0x00A6	0x8484      	BSF         LCD_RS, BitPos(LCD_RS+0) 
0x00A8	0xD001      	BRA         L__Lcd_Cmd40
L__Lcd_Cmd39:
0x00AA	0x9484      	BCF         LCD_RS, BitPos(LCD_RS+0) 
L__Lcd_Cmd40:
;__Lib_Lcd.c,40 :: 		
0x00AC	0x8284      	BSF         LCD_EN, BitPos(LCD_EN+0) 
;__Lib_Lcd.c,41 :: 		
0x00AE	0xDFB6      	RCALL       _Delay_1us
;__Lib_Lcd.c,42 :: 		
0x00B0	0x9284      	BCF         LCD_EN, BitPos(LCD_EN+0) 
;__Lib_Lcd.c,44 :: 		
0x00B2	0xA033      	BTFSS       __Lib_Lcd_cmd_status, BitPos(__Lib_Lcd_cmd_status+0) 
0x00B4	0xD002      	BRA         L_Lcd_Cmd0
;__Lib_Lcd.c,45 :: 		
0x00B6	0xDFB5      	RCALL       _Delay_5500us
0x00B8	0xD001      	BRA         L_Lcd_Cmd1
L_Lcd_Cmd0:
;__Lib_Lcd.c,47 :: 		
0x00BA	0xDFBE      	RCALL       _Delay_50us
L_Lcd_Cmd1:
;__Lib_Lcd.c,48 :: 		
L_end_Lcd_Cmd:
0x00BC	0x0012      	RETURN      0
; end of _Lcd_Cmd
_Lcd_Chr_CP:
;__Lib_Lcd.c,50 :: 		
;__Lib_Lcd.c,52 :: 		
0x00BE	0x9033      	BCF         __Lib_Lcd_cmd_status, BitPos(__Lib_Lcd_cmd_status+0) 
;__Lib_Lcd.c,53 :: 		
0x00C0	0xF03CC03B  	MOVFF       FARG_Lcd_Chr_CP_out_char, FARG_Lcd_Cmd_out_char
0x00C4	0xDFBE      	RCALL       _Lcd_Cmd
;__Lib_Lcd.c,54 :: 		
0x00C6	0x8033      	BSF         __Lib_Lcd_cmd_status, BitPos(__Lib_Lcd_cmd_status+0) 
;__Lib_Lcd.c,55 :: 		
L_end_Lcd_Chr_CP:
0x00C8	0x0012      	RETURN      0
; end of _Lcd_Chr_CP
_Lcd_Out:
;__Lib_Lcd.c,184 :: 		
;__Lib_Lcd.c,187 :: 		
0x00CA	0xD00F      	BRA         L_Lcd_Out11
;__Lib_Lcd.c,188 :: 		
L_Lcd_Out13:
0x00CC	0x0E80      	MOVLW       128
0x00CE	0x6E36      	MOVWF       FARG_Lcd_Out_row 
0x00D0	0xD019      	BRA         L_Lcd_Out12
;__Lib_Lcd.c,189 :: 		
L_Lcd_Out14:
0x00D2	0x0EC0      	MOVLW       192
0x00D4	0x6E36      	MOVWF       FARG_Lcd_Out_row 
0x00D6	0xD016      	BRA         L_Lcd_Out12
;__Lib_Lcd.c,190 :: 		
L_Lcd_Out15:
0x00D8	0x0E94      	MOVLW       148
0x00DA	0x6E36      	MOVWF       FARG_Lcd_Out_row 
0x00DC	0xD013      	BRA         L_Lcd_Out12
;__Lib_Lcd.c,191 :: 		
L_Lcd_Out16:
0x00DE	0x0ED4      	MOVLW       212
0x00E0	0x6E36      	MOVWF       FARG_Lcd_Out_row 
0x00E2	0xD010      	BRA         L_Lcd_Out12
;__Lib_Lcd.c,192 :: 		
L_Lcd_Out17:
0x00E4	0x0E80      	MOVLW       128
0x00E6	0x6E36      	MOVWF       FARG_Lcd_Out_row 
;__Lib_Lcd.c,193 :: 		
0x00E8	0xD00D      	BRA         L_Lcd_Out12
L_Lcd_Out11:
0x00EA	0x5036      	MOVF        FARG_Lcd_Out_row, 0 
0x00EC	0x0A01      	XORLW       1
0x00EE	0xE0EE      	BZ          L_Lcd_Out13
0x00F0	0x5036      	MOVF        FARG_Lcd_Out_row, 0 
0x00F2	0x0A02      	XORLW       2
0x00F4	0xE0EE      	BZ          L_Lcd_Out14
0x00F6	0x5036      	MOVF        FARG_Lcd_Out_row, 0 
0x00F8	0x0A03      	XORLW       3
0x00FA	0xE0EE      	BZ          L_Lcd_Out15
0x00FC	0x5036      	MOVF        FARG_Lcd_Out_row, 0 
0x00FE	0x0A04      	XORLW       4
0x0100	0xE0EE      	BZ          L_Lcd_Out16
0x0102	0xD7F0      	BRA         L_Lcd_Out17
L_Lcd_Out12:
;__Lib_Lcd.c,194 :: 		
0x0104	0x0437      	DECF        FARG_Lcd_Out_column, 0 
0x0106	0x6E00      	MOVWF       R0 
0x0108	0x5036      	MOVF        FARG_Lcd_Out_row, 0 
0x010A	0x2600      	ADDWF       R0, 1 
0x010C	0xF036C000  	MOVFF       R0, FARG_Lcd_Out_row
;__Lib_Lcd.c,196 :: 		
0x0110	0xF03CC000  	MOVFF       R0, FARG_Lcd_Cmd_out_char
0x0114	0xDF96      	RCALL       _Lcd_Cmd
;__Lib_Lcd.c,197 :: 		
0x0116	0x9033      	BCF         __Lib_Lcd_cmd_status, BitPos(__Lib_Lcd_cmd_status+0) 
;__Lib_Lcd.c,198 :: 		
0x0118	0x6A3A      	CLRF        Lcd_Out_i_L0 
;__Lib_Lcd.c,199 :: 		
L_Lcd_Out18:
0x011A	0x503A      	MOVF        Lcd_Out_i_L0, 0 
0x011C	0x2438      	ADDWF       FARG_Lcd_Out_text, 0 
0x011E	0x6EE9      	MOVWF       FSR0L 
0x0120	0x0E00      	MOVLW       0
0x0122	0x2039      	ADDWFC      FARG_Lcd_Out_text+1, 0 
0x0124	0x6EEA      	MOVWF       FSR0H 
0x0126	0x52EE      	MOVF        POSTINC0, 1 
0x0128	0xE00B      	BZ          L_Lcd_Out19
;__Lib_Lcd.c,200 :: 		
0x012A	0x503A      	MOVF        Lcd_Out_i_L0, 0 
0x012C	0x2438      	ADDWF       FARG_Lcd_Out_text, 0 
0x012E	0x6EE9      	MOVWF       FSR0L 
0x0130	0x0E00      	MOVLW       0
0x0132	0x2039      	ADDWFC      FARG_Lcd_Out_text+1, 0 
0x0134	0x6EEA      	MOVWF       FSR0H 
0x0136	0xF03BCFEE  	MOVFF       POSTINC0, FARG_Lcd_Chr_CP_out_char
0x013A	0xDFC1      	RCALL       _Lcd_Chr_CP
0x013C	0x2A3A      	INCF        Lcd_Out_i_L0, 1 
0x013E	0xD7ED      	BRA         L_Lcd_Out18
L_Lcd_Out19:
;__Lib_Lcd.c,201 :: 		
0x0140	0x8033      	BSF         __Lib_Lcd_cmd_status, BitPos(__Lib_Lcd_cmd_status+0) 
;__Lib_Lcd.c,202 :: 		
L_end_Lcd_Out:
0x0142	0x0012      	RETURN      0
; end of _Lcd_Out
___CC2DW:
;__Lib_System.c,21 :: 		
;__Lib_System.c,23 :: 		
_CC2DL_Loop1:
;__Lib_System.c,24 :: 		
0x0144	0x0009      	TBLRD*+
;__Lib_System.c,25 :: 		
0x0146	0xFFE6CFF5  	MOVFF       TABLAT, POSTINC1
;__Lib_System.c,26 :: 		
0x014A	0x0600      	DECF        R0, 1, 0
;__Lib_System.c,27 :: 		
0x014C	0xE1FB      	BNZ         _CC2DL_Loop1
;__Lib_System.c,28 :: 		
0x014E	0x0601      	DECF        R1, 1, 0
;__Lib_System.c,29 :: 		
0x0150	0xE1F9      	BNZ         _CC2DL_Loop1
;__Lib_System.c,31 :: 		
L_end___CC2DW:
0x0152	0x0012      	RETURN      0
; end of ___CC2DW
_Lcd_Init:
;__Lib_Lcd.c,84 :: 		
;__Lib_Lcd.c,86 :: 		
0x0154	0x9296      	BCF         LCD_EN_Direction, BitPos(LCD_EN_Direction+0) 
;__Lib_Lcd.c,87 :: 		
0x0156	0x9496      	BCF         LCD_RS_Direction, BitPos(LCD_RS_Direction+0) 
;__Lib_Lcd.c,88 :: 		
0x0158	0x9895      	BCF         LCD_D4_Direction, BitPos(LCD_D4_Direction+0) 
;__Lib_Lcd.c,89 :: 		
0x015A	0x9A95      	BCF         LCD_D5_Direction, BitPos(LCD_D5_Direction+0) 
;__Lib_Lcd.c,90 :: 		
0x015C	0x9C95      	BCF         LCD_D6_Direction, BitPos(LCD_D6_Direction+0) 
;__Lib_Lcd.c,91 :: 		
0x015E	0x9E95      	BCF         LCD_D7_Direction, BitPos(LCD_D7_Direction+0) 
;__Lib_Lcd.c,93 :: 		
0x0160	0x9284      	BCF         LCD_EN, BitPos(LCD_EN+0) 
;__Lib_Lcd.c,94 :: 		
0x0162	0x9484      	BCF         LCD_RS, BitPos(LCD_RS+0) 
;__Lib_Lcd.c,95 :: 		
0x0164	0x9E83      	BCF         LCD_D7, BitPos(LCD_D7+0) 
;__Lib_Lcd.c,96 :: 		
0x0166	0x9C83      	BCF         LCD_D6, BitPos(LCD_D6+0) 
;__Lib_Lcd.c,97 :: 		
0x0168	0x9A83      	BCF         LCD_D5, BitPos(LCD_D5+0) 
;__Lib_Lcd.c,98 :: 		
0x016A	0x9883      	BCF         LCD_D4, BitPos(LCD_D4+0) 
;__Lib_Lcd.c,100 :: 		
0x016C	0xDF5A      	RCALL       _Delay_5500us
;__Lib_Lcd.c,101 :: 		
0x016E	0xDF59      	RCALL       _Delay_5500us
;__Lib_Lcd.c,102 :: 		
0x0170	0xDF58      	RCALL       _Delay_5500us
;__Lib_Lcd.c,105 :: 		
0x0172	0x8A83      	BSF         LCD_D5, BitPos(LCD_D5+0) 
;__Lib_Lcd.c,106 :: 		
0x0174	0x8883      	BSF         LCD_D4, BitPos(LCD_D4+0) 
;__Lib_Lcd.c,107 :: 		
0x0176	0x8284      	BSF         LCD_EN, BitPos(LCD_EN+0) 
;__Lib_Lcd.c,108 :: 		
0x0178	0xDF51      	RCALL       _Delay_1us
;__Lib_Lcd.c,109 :: 		
0x017A	0x9284      	BCF         LCD_EN, BitPos(LCD_EN+0) 
;__Lib_Lcd.c,110 :: 		
0x017C	0xDF52      	RCALL       _Delay_5500us
;__Lib_Lcd.c,112 :: 		
0x017E	0x8284      	BSF         LCD_EN, BitPos(LCD_EN+0) 
;__Lib_Lcd.c,113 :: 		
0x0180	0xDF4D      	RCALL       _Delay_1us
;__Lib_Lcd.c,114 :: 		
0x0182	0x9284      	BCF         LCD_EN, BitPos(LCD_EN+0) 
;__Lib_Lcd.c,115 :: 		
0x0184	0xDF4E      	RCALL       _Delay_5500us
;__Lib_Lcd.c,117 :: 		
0x0186	0x8284      	BSF         LCD_EN, BitPos(LCD_EN+0) 
;__Lib_Lcd.c,118 :: 		
0x0188	0xDF49      	RCALL       _Delay_1us
;__Lib_Lcd.c,119 :: 		
0x018A	0x9284      	BCF         LCD_EN, BitPos(LCD_EN+0) 
;__Lib_Lcd.c,120 :: 		
0x018C	0xDF4A      	RCALL       _Delay_5500us
;__Lib_Lcd.c,123 :: 		
0x018E	0x9883      	BCF         LCD_D4, BitPos(LCD_D4+0) 
;__Lib_Lcd.c,124 :: 		
0x0190	0x8284      	BSF         LCD_EN, BitPos(LCD_EN+0) 
;__Lib_Lcd.c,125 :: 		
0x0192	0xDF44      	RCALL       _Delay_1us
;__Lib_Lcd.c,126 :: 		
0x0194	0x9284      	BCF         LCD_EN, BitPos(LCD_EN+0) 
;__Lib_Lcd.c,127 :: 		
0x0196	0xDF45      	RCALL       _Delay_5500us
;__Lib_Lcd.c,130 :: 		
0x0198	0x8284      	BSF         LCD_EN, BitPos(LCD_EN+0) 
;__Lib_Lcd.c,131 :: 		
0x019A	0xDF40      	RCALL       _Delay_1us
;__Lib_Lcd.c,132 :: 		
0x019C	0x9284      	BCF         LCD_EN, BitPos(LCD_EN+0) 
;__Lib_Lcd.c,134 :: 		
0x019E	0x9A83      	BCF         LCD_D5, BitPos(LCD_D5+0) 
;__Lib_Lcd.c,135 :: 		
0x01A0	0x8E83      	BSF         LCD_D7, BitPos(LCD_D7+0) 
;__Lib_Lcd.c,136 :: 		
0x01A2	0x8284      	BSF         LCD_EN, BitPos(LCD_EN+0) 
;__Lib_Lcd.c,137 :: 		
0x01A4	0xDF3B      	RCALL       _Delay_1us
;__Lib_Lcd.c,138 :: 		
0x01A6	0x9284      	BCF         LCD_EN, BitPos(LCD_EN+0) 
;__Lib_Lcd.c,139 :: 		
0x01A8	0xDF3C      	RCALL       _Delay_5500us
;__Lib_Lcd.c,142 :: 		
0x01AA	0x9E83      	BCF         LCD_D7, BitPos(LCD_D7+0) 
;__Lib_Lcd.c,143 :: 		
0x01AC	0x8883      	BSF         LCD_D4, BitPos(LCD_D4+0) 
;__Lib_Lcd.c,144 :: 		
0x01AE	0x8284      	BSF         LCD_EN, BitPos(LCD_EN+0) 
;__Lib_Lcd.c,145 :: 		
0x01B0	0xDF35      	RCALL       _Delay_1us
;__Lib_Lcd.c,146 :: 		
0x01B2	0x9284      	BCF         LCD_EN, BitPos(LCD_EN+0) 
;__Lib_Lcd.c,148 :: 		
0x01B4	0x9883      	BCF         LCD_D4, BitPos(LCD_D4+0) 
;__Lib_Lcd.c,149 :: 		
0x01B6	0x8284      	BSF         LCD_EN, BitPos(LCD_EN+0) 
;__Lib_Lcd.c,150 :: 		
0x01B8	0xDF31      	RCALL       _Delay_1us
;__Lib_Lcd.c,151 :: 		
0x01BA	0x9284      	BCF         LCD_EN, BitPos(LCD_EN+0) 
;__Lib_Lcd.c,152 :: 		
0x01BC	0xDF32      	RCALL       _Delay_5500us
;__Lib_Lcd.c,155 :: 		
0x01BE	0x8284      	BSF         LCD_EN, BitPos(LCD_EN+0) 
;__Lib_Lcd.c,156 :: 		
0x01C0	0xDF2D      	RCALL       _Delay_1us
;__Lib_Lcd.c,157 :: 		
0x01C2	0x9284      	BCF         LCD_EN, BitPos(LCD_EN+0) 
;__Lib_Lcd.c,159 :: 		
0x01C4	0x8883      	BSF         LCD_D4, BitPos(LCD_D4+0) 
;__Lib_Lcd.c,160 :: 		
0x01C6	0x8284      	BSF         LCD_EN, BitPos(LCD_EN+0) 
;__Lib_Lcd.c,161 :: 		
0x01C8	0xDF29      	RCALL       _Delay_1us
;__Lib_Lcd.c,162 :: 		
0x01CA	0x9284      	BCF         LCD_EN, BitPos(LCD_EN+0) 
;__Lib_Lcd.c,163 :: 		
0x01CC	0xDF2A      	RCALL       _Delay_5500us
;__Lib_Lcd.c,166 :: 		
0x01CE	0x9883      	BCF         LCD_D4, BitPos(LCD_D4+0) 
;__Lib_Lcd.c,167 :: 		
0x01D0	0x8284      	BSF         LCD_EN, BitPos(LCD_EN+0) 
;__Lib_Lcd.c,168 :: 		
0x01D2	0xDF24      	RCALL       _Delay_1us
;__Lib_Lcd.c,169 :: 		
0x01D4	0x9284      	BCF         LCD_EN, BitPos(LCD_EN+0) 
;__Lib_Lcd.c,171 :: 		
0x01D6	0x8E83      	BSF         LCD_D7, BitPos(LCD_D7+0) 
;__Lib_Lcd.c,172 :: 		
0x01D8	0x8C83      	BSF         LCD_D6, BitPos(LCD_D6+0) 
;__Lib_Lcd.c,173 :: 		
0x01DA	0x8A83      	BSF         LCD_D5, BitPos(LCD_D5+0) 
;__Lib_Lcd.c,174 :: 		
0x01DC	0x8883      	BSF         LCD_D4, BitPos(LCD_D4+0) 
;__Lib_Lcd.c,175 :: 		
0x01DE	0x8284      	BSF         LCD_EN, BitPos(LCD_EN+0) 
;__Lib_Lcd.c,176 :: 		
0x01E0	0xDF1D      	RCALL       _Delay_1us
;__Lib_Lcd.c,177 :: 		
0x01E2	0x9284      	BCF         LCD_EN, BitPos(LCD_EN+0) 
;__Lib_Lcd.c,179 :: 		
0x01E4	0xDF1E      	RCALL       _Delay_5500us
;__Lib_Lcd.c,181 :: 		
0x01E6	0x8033      	BSF         __Lib_Lcd_cmd_status, BitPos(__Lib_Lcd_cmd_status+0) 
;__Lib_Lcd.c,182 :: 		
L_end_Lcd_Init:
0x01E8	0x0012      	RETURN      0
; end of _Lcd_Init
_LCD:
;teclado_lcd.c,44 :: 		void LCD(char texto[16])
;teclado_lcd.c,46 :: 		Lcd_Cmd(_LCD_CLEAR);    //limpa o Display
0x01EA	0x0E01      	MOVLW       1
0x01EC	0x6E3C      	MOVWF       FARG_Lcd_Cmd_out_char 
0x01EE	0xDF29      	RCALL       _Lcd_Cmd
;teclado_lcd.c,47 :: 		delay_ms(atraso);
0x01F0	0x0E82      	MOVLW       130
0x01F2	0x6E0C      	MOVWF       R12, 0
0x01F4	0x0EDD      	MOVLW       221
0x01F6	0x6E0D      	MOVWF       R13, 0
L_LCD0:
0x01F8	0x2E0D      	DECFSZ      R13, 1, 0
0x01FA	0xD7FE      	BRA         L_LCD0
0x01FC	0x2E0C      	DECFSZ      R12, 1, 0
0x01FE	0xD7FC      	BRA         L_LCD0
0x0200	0x0000      	NOP
0x0202	0x0000      	NOP
;teclado_lcd.c,48 :: 		Lcd_Out(1,4,texto);
0x0204	0x0E01      	MOVLW       1
0x0206	0x6E36      	MOVWF       FARG_Lcd_Out_row 
0x0208	0x0E04      	MOVLW       4
0x020A	0x6E37      	MOVWF       FARG_Lcd_Out_column 
0x020C	0xF038C034  	MOVFF       FARG_LCD_texto, FARG_Lcd_Out_text
0x0210	0xF039C035  	MOVFF       FARG_LCD_texto+1, FARG_Lcd_Out_text+1
0x0214	0xDF5A      	RCALL       _Lcd_Out
;teclado_lcd.c,49 :: 		delay_ms(atraso);
0x0216	0x0E82      	MOVLW       130
0x0218	0x6E0C      	MOVWF       R12, 0
0x021A	0x0EDD      	MOVLW       221
0x021C	0x6E0D      	MOVWF       R13, 0
L_LCD1:
0x021E	0x2E0D      	DECFSZ      R13, 1, 0
0x0220	0xD7FE      	BRA         L_LCD1
0x0222	0x2E0C      	DECFSZ      R12, 1, 0
0x0224	0xD7FC      	BRA         L_LCD1
0x0226	0x0000      	NOP
0x0228	0x0000      	NOP
;teclado_lcd.c,50 :: 		}
L_end_LCD:
0x022A	0x0012      	RETURN      0
; end of _LCD
_main:
0x022C	0xF001ECF6  	CALL        1004, 0
;teclado_lcd.c,52 :: 		void main(){
;teclado_lcd.c,53 :: 		ADCON0 = 0X00;     // Desabilita o conversor A/D
0x0230	0x6AC2      	CLRF        ADCON0 
;teclado_lcd.c,54 :: 		ADCON1 = 0x06;     // Configura todos pinos da porta A para digital
0x0232	0x0E06      	MOVLW       6
0x0234	0x6EC1      	MOVWF       ADCON1 
;teclado_lcd.c,56 :: 		trisd = 0x0F;      //configura os pinos RD0,RD1,RD2,RD3 da PORTD como
0x0236	0x0E0F      	MOVLW       15
0x0238	0x6E95      	MOVWF       TRISD 
;teclado_lcd.c,61 :: 		trisb = 0xF8;     // configura pinos RB0,RB1,RB2 da PORTB como saida (teclado)
0x023A	0x0EF8      	MOVLW       248
0x023C	0x6E93      	MOVWF       TRISB 
;teclado_lcd.c,63 :: 		portb = 0xFF;
0x023E	0x0EFF      	MOVLW       255
0x0240	0x6E81      	MOVWF       PORTB 
;teclado_lcd.c,65 :: 		Lcd_Init();                      //Inicializa o Display
0x0242	0xDF88      	RCALL       _Lcd_Init
;teclado_lcd.c,66 :: 		delay_ms(atraso);
0x0244	0x0E82      	MOVLW       130
0x0246	0x6E0C      	MOVWF       R12, 0
0x0248	0x0EDD      	MOVLW       221
0x024A	0x6E0D      	MOVWF       R13, 0
L_main2:
0x024C	0x2E0D      	DECFSZ      R13, 1, 0
0x024E	0xD7FE      	BRA         L_main2
0x0250	0x2E0C      	DECFSZ      R12, 1, 0
0x0252	0xD7FC      	BRA         L_main2
0x0254	0x0000      	NOP
0x0256	0x0000      	NOP
;teclado_lcd.c,67 :: 		Lcd_Cmd(_LCD_CLEAR);             //limpa o Display
0x0258	0x0E01      	MOVLW       1
0x025A	0x6E3C      	MOVWF       FARG_Lcd_Cmd_out_char 
0x025C	0xDEF2      	RCALL       _Lcd_Cmd
;teclado_lcd.c,68 :: 		delay_ms(atraso);
0x025E	0x0E82      	MOVLW       130
0x0260	0x6E0C      	MOVWF       R12, 0
0x0262	0x0EDD      	MOVLW       221
0x0264	0x6E0D      	MOVWF       R13, 0
L_main3:
0x0266	0x2E0D      	DECFSZ      R13, 1, 0
0x0268	0xD7FE      	BRA         L_main3
0x026A	0x2E0C      	DECFSZ      R12, 1, 0
0x026C	0xD7FC      	BRA         L_main3
0x026E	0x0000      	NOP
0x0270	0x0000      	NOP
;teclado_lcd.c,69 :: 		Lcd_Cmd(_LCD_CURSOR_OFF);        //Desabilita o cursor
0x0272	0x0E0C      	MOVLW       12
0x0274	0x6E3C      	MOVWF       FARG_Lcd_Cmd_out_char 
0x0276	0xDEE5      	RCALL       _Lcd_Cmd
;teclado_lcd.c,70 :: 		delay_ms(atraso);
0x0278	0x0E82      	MOVLW       130
0x027A	0x6E0C      	MOVWF       R12, 0
0x027C	0x0EDD      	MOVLW       221
0x027E	0x6E0D      	MOVWF       R13, 0
L_main4:
0x0280	0x2E0D      	DECFSZ      R13, 1, 0
0x0282	0xD7FE      	BRA         L_main4
0x0284	0x2E0C      	DECFSZ      R12, 1, 0
0x0286	0xD7FC      	BRA         L_main4
0x0288	0x0000      	NOP
0x028A	0x0000      	NOP
;teclado_lcd.c,72 :: 		do
L_main5:
;teclado_lcd.c,74 :: 		portb.rb0 = 0;          //habilita primeira coluna  do teclado
0x028C	0x9081      	BCF         PORTB, 0 
;teclado_lcd.c,75 :: 		delay_ms(atraso);
0x028E	0x0E82      	MOVLW       130
0x0290	0x6E0C      	MOVWF       R12, 0
0x0292	0x0EDD      	MOVLW       221
0x0294	0x6E0D      	MOVWF       R13, 0
L_main8:
0x0296	0x2E0D      	DECFSZ      R13, 1, 0
0x0298	0xD7FE      	BRA         L_main8
0x029A	0x2E0C      	DECFSZ      R12, 1, 0
0x029C	0xD7FC      	BRA         L_main8
0x029E	0x0000      	NOP
0x02A0	0x0000      	NOP
;teclado_lcd.c,76 :: 		if (portd.rd0 == 0)                LCD("<---");
0x02A2	0xB083      	BTFSC       PORTD, 0 
0x02A4	0xD006      	BRA         L_main9
0x02A6	0x0E1F      	MOVLW       ?lstr1_teclado_lcd
0x02A8	0x6E34      	MOVWF       FARG_LCD_texto 
0x02AA	0x0E00      	MOVLW       hi_addr(?lstr1_teclado_lcd)
0x02AC	0x6E35      	MOVWF       FARG_LCD_texto+1 
0x02AE	0xDF9D      	RCALL       _LCD
0x02B0	0xD017      	BRA         L_main10
L_main9:
;teclado_lcd.c,77 :: 		else if (portd.rd1 == 0)           LCD("7");
0x02B2	0xB283      	BTFSC       PORTD, 1 
0x02B4	0xD006      	BRA         L_main11
0x02B6	0x0E26      	MOVLW       ?lstr2_teclado_lcd
0x02B8	0x6E34      	MOVWF       FARG_LCD_texto 
0x02BA	0x0E00      	MOVLW       hi_addr(?lstr2_teclado_lcd)
0x02BC	0x6E35      	MOVWF       FARG_LCD_texto+1 
0x02BE	0xDF95      	RCALL       _LCD
0x02C0	0xD00F      	BRA         L_main12
L_main11:
;teclado_lcd.c,78 :: 		else if (portd.rd2 == 0)      LCD("4");
0x02C2	0xB483      	BTFSC       PORTD, 2 
0x02C4	0xD006      	BRA         L_main13
0x02C6	0x0E24      	MOVLW       ?lstr3_teclado_lcd
0x02C8	0x6E34      	MOVWF       FARG_LCD_texto 
0x02CA	0x0E00      	MOVLW       hi_addr(?lstr3_teclado_lcd)
0x02CC	0x6E35      	MOVWF       FARG_LCD_texto+1 
0x02CE	0xDF8D      	RCALL       _LCD
0x02D0	0xD007      	BRA         L_main14
L_main13:
;teclado_lcd.c,79 :: 		else if (portd.rd3 == 0) LCD("1");
0x02D2	0xB683      	BTFSC       PORTD, 3 
0x02D4	0xD005      	BRA         L_main15
0x02D6	0x0E1D      	MOVLW       ?lstr4_teclado_lcd
0x02D8	0x6E34      	MOVWF       FARG_LCD_texto 
0x02DA	0x0E00      	MOVLW       hi_addr(?lstr4_teclado_lcd)
0x02DC	0x6E35      	MOVWF       FARG_LCD_texto+1 
0x02DE	0xDF85      	RCALL       _LCD
L_main15:
L_main14:
L_main12:
L_main10:
;teclado_lcd.c,80 :: 		portb.rb0 = 1;          //desabilita primeira coluna do teclado
0x02E0	0x8081      	BSF         PORTB, 0 
;teclado_lcd.c,81 :: 		delay_ms(atraso);
0x02E2	0x0E82      	MOVLW       130
0x02E4	0x6E0C      	MOVWF       R12, 0
0x02E6	0x0EDD      	MOVLW       221
0x02E8	0x6E0D      	MOVWF       R13, 0
L_main16:
0x02EA	0x2E0D      	DECFSZ      R13, 1, 0
0x02EC	0xD7FE      	BRA         L_main16
0x02EE	0x2E0C      	DECFSZ      R12, 1, 0
0x02F0	0xD7FC      	BRA         L_main16
0x02F2	0x0000      	NOP
0x02F4	0x0000      	NOP
;teclado_lcd.c,84 :: 		portb.rb1 = 0;          //habilita segunda coluna do teclado
0x02F6	0x9281      	BCF         PORTB, 1 
;teclado_lcd.c,85 :: 		delay_ms(atraso);
0x02F8	0x0E82      	MOVLW       130
0x02FA	0x6E0C      	MOVWF       R12, 0
0x02FC	0x0EDD      	MOVLW       221
0x02FE	0x6E0D      	MOVWF       R13, 0
L_main17:
0x0300	0x2E0D      	DECFSZ      R13, 1, 0
0x0302	0xD7FE      	BRA         L_main17
0x0304	0x2E0C      	DECFSZ      R12, 1, 0
0x0306	0xD7FC      	BRA         L_main17
0x0308	0x0000      	NOP
0x030A	0x0000      	NOP
;teclado_lcd.c,86 :: 		if (portd.rd0 == 0)                LCD("0");
0x030C	0xB083      	BTFSC       PORTD, 0 
0x030E	0xD006      	BRA         L_main18
0x0310	0x0E17      	MOVLW       ?lstr5_teclado_lcd
0x0312	0x6E34      	MOVWF       FARG_LCD_texto 
0x0314	0x0E00      	MOVLW       hi_addr(?lstr5_teclado_lcd)
0x0316	0x6E35      	MOVWF       FARG_LCD_texto+1 
0x0318	0xDF68      	RCALL       _LCD
0x031A	0xD017      	BRA         L_main19
L_main18:
;teclado_lcd.c,87 :: 		else if (portd.rd1 == 0)           LCD("8");
0x031C	0xB283      	BTFSC       PORTD, 1 
0x031E	0xD006      	BRA         L_main20
0x0320	0x0E15      	MOVLW       ?lstr6_teclado_lcd
0x0322	0x6E34      	MOVWF       FARG_LCD_texto 
0x0324	0x0E00      	MOVLW       hi_addr(?lstr6_teclado_lcd)
0x0326	0x6E35      	MOVWF       FARG_LCD_texto+1 
0x0328	0xDF60      	RCALL       _LCD
0x032A	0xD00F      	BRA         L_main21
L_main20:
;teclado_lcd.c,88 :: 		else if (portd.rd2 == 0)      LCD("5");
0x032C	0xB483      	BTFSC       PORTD, 2 
0x032E	0xD006      	BRA         L_main22
0x0330	0x0E1B      	MOVLW       ?lstr7_teclado_lcd
0x0332	0x6E34      	MOVWF       FARG_LCD_texto 
0x0334	0x0E00      	MOVLW       hi_addr(?lstr7_teclado_lcd)
0x0336	0x6E35      	MOVWF       FARG_LCD_texto+1 
0x0338	0xDF58      	RCALL       _LCD
0x033A	0xD007      	BRA         L_main23
L_main22:
;teclado_lcd.c,89 :: 		else if (portd.rd3 == 0) LCD("2");
0x033C	0xB683      	BTFSC       PORTD, 3 
0x033E	0xD005      	BRA         L_main24
0x0340	0x0E19      	MOVLW       ?lstr8_teclado_lcd
0x0342	0x6E34      	MOVWF       FARG_LCD_texto 
0x0344	0x0E00      	MOVLW       hi_addr(?lstr8_teclado_lcd)
0x0346	0x6E35      	MOVWF       FARG_LCD_texto+1 
0x0348	0xDF50      	RCALL       _LCD
L_main24:
L_main23:
L_main21:
L_main19:
;teclado_lcd.c,91 :: 		portb.rb1 = 1;          //desabilita segunda coluna do teclado
0x034A	0x8281      	BSF         PORTB, 1 
;teclado_lcd.c,92 :: 		delay_ms(atraso);
0x034C	0x0E82      	MOVLW       130
0x034E	0x6E0C      	MOVWF       R12, 0
0x0350	0x0EDD      	MOVLW       221
0x0352	0x6E0D      	MOVWF       R13, 0
L_main25:
0x0354	0x2E0D      	DECFSZ      R13, 1, 0
0x0356	0xD7FE      	BRA         L_main25
0x0358	0x2E0C      	DECFSZ      R12, 1, 0
0x035A	0xD7FC      	BRA         L_main25
0x035C	0x0000      	NOP
0x035E	0x0000      	NOP
;teclado_lcd.c,95 :: 		portb.rb2 = 0;         //habilita terceira coluna do teclado
0x0360	0x9481      	BCF         PORTB, 2 
;teclado_lcd.c,96 :: 		delay_ms(atraso);
0x0362	0x0E82      	MOVLW       130
0x0364	0x6E0C      	MOVWF       R12, 0
0x0366	0x0EDD      	MOVLW       221
0x0368	0x6E0D      	MOVWF       R13, 0
L_main26:
0x036A	0x2E0D      	DECFSZ      R13, 1, 0
0x036C	0xD7FE      	BRA         L_main26
0x036E	0x2E0C      	DECFSZ      R12, 1, 0
0x0370	0xD7FC      	BRA         L_main26
0x0372	0x0000      	NOP
0x0374	0x0000      	NOP
;teclado_lcd.c,97 :: 		if (portd.rd0 == 0)                LCD("--->");
0x0376	0xB083      	BTFSC       PORTD, 0 
0x0378	0xD006      	BRA         L_main27
0x037A	0x0E28      	MOVLW       ?lstr9_teclado_lcd
0x037C	0x6E34      	MOVWF       FARG_LCD_texto 
0x037E	0x0E00      	MOVLW       hi_addr(?lstr9_teclado_lcd)
0x0380	0x6E35      	MOVWF       FARG_LCD_texto+1 
0x0382	0xDF33      	RCALL       _LCD
0x0384	0xD017      	BRA         L_main28
L_main27:
;teclado_lcd.c,98 :: 		else if (portd.rd1 == 0)           LCD("9");
0x0386	0xB283      	BTFSC       PORTD, 1 
0x0388	0xD006      	BRA         L_main29
0x038A	0x0E31      	MOVLW       ?lstr10_teclado_lcd
0x038C	0x6E34      	MOVWF       FARG_LCD_texto 
0x038E	0x0E00      	MOVLW       hi_addr(?lstr10_teclado_lcd)
0x0390	0x6E35      	MOVWF       FARG_LCD_texto+1 
0x0392	0xDF2B      	RCALL       _LCD
0x0394	0xD00F      	BRA         L_main30
L_main29:
;teclado_lcd.c,99 :: 		else if (portd.rd2 == 0)      LCD("6");
0x0396	0xB483      	BTFSC       PORTD, 2 
0x0398	0xD006      	BRA         L_main31
0x039A	0x0E2F      	MOVLW       ?lstr11_teclado_lcd
0x039C	0x6E34      	MOVWF       FARG_LCD_texto 
0x039E	0x0E00      	MOVLW       hi_addr(?lstr11_teclado_lcd)
0x03A0	0x6E35      	MOVWF       FARG_LCD_texto+1 
0x03A2	0xDF23      	RCALL       _LCD
0x03A4	0xD007      	BRA         L_main32
L_main31:
;teclado_lcd.c,100 :: 		else if (portd.rd3 == 0) LCD("3");
0x03A6	0xB683      	BTFSC       PORTD, 3 
0x03A8	0xD005      	BRA         L_main33
0x03AA	0x0E2D      	MOVLW       ?lstr12_teclado_lcd
0x03AC	0x6E34      	MOVWF       FARG_LCD_texto 
0x03AE	0x0E00      	MOVLW       hi_addr(?lstr12_teclado_lcd)
0x03B0	0x6E35      	MOVWF       FARG_LCD_texto+1 
0x03B2	0xDF1B      	RCALL       _LCD
L_main33:
L_main32:
L_main30:
L_main28:
;teclado_lcd.c,102 :: 		portb.rb2 = 1;        //desabilita terceira coluna do teclado
0x03B4	0x8481      	BSF         PORTB, 2 
;teclado_lcd.c,103 :: 		delay_ms(atraso);
0x03B6	0x0E82      	MOVLW       130
0x03B8	0x6E0C      	MOVWF       R12, 0
0x03BA	0x0EDD      	MOVLW       221
0x03BC	0x6E0D      	MOVWF       R13, 0
L_main34:
0x03BE	0x2E0D      	DECFSZ      R13, 1, 0
0x03C0	0xD7FE      	BRA         L_main34
0x03C2	0x2E0C      	DECFSZ      R12, 1, 0
0x03C4	0xD7FC      	BRA         L_main34
0x03C6	0x0000      	NOP
0x03C8	0x0000      	NOP
;teclado_lcd.c,106 :: 		} while(1);
0x03CA	0xD760      	BRA         L_main5
;teclado_lcd.c,108 :: 		} // fim do programa
L_end_main:
0x03CC	0xD7FF      	BRA         $+0
; end of _main
0x03EC	0xF015EE10  	LFSR        1, 21
0x03F0	0x0E1E      	MOVLW       30
0x03F2	0x6E00      	MOVWF       R0 
0x03F4	0x0E01      	MOVLW       1
0x03F6	0x6E01      	MOVWF       R1 
0x03F8	0x0ECE      	MOVLW       206
0x03FA	0x6EF6      	MOVWF       4086 
0x03FC	0x0E03      	MOVLW       3
0x03FE	0x6EF7      	MOVWF       TBLPTRH 
0x0400	0x0E00      	MOVLW       0
0x0402	0x6EF8      	MOVWF       TBLPTRU 
0x0404	0xF000ECA2  	CALL        324, 0
0x0408	0x0012      	RETURN      0
;teclado_lcd.c,0 :: ?ICS?lstr6_teclado_lcd
0x03CE	0x0038 ;?ICS?lstr6_teclado_lcd+0
; end of ?ICS?lstr6_teclado_lcd
;teclado_lcd.c,0 :: ?ICS?lstr5_teclado_lcd
0x03D0	0x0030 ;?ICS?lstr5_teclado_lcd+0
; end of ?ICS?lstr5_teclado_lcd
;teclado_lcd.c,0 :: ?ICS?lstr8_teclado_lcd
0x03D2	0x0032 ;?ICS?lstr8_teclado_lcd+0
; end of ?ICS?lstr8_teclado_lcd
;teclado_lcd.c,0 :: ?ICS?lstr7_teclado_lcd
0x03D4	0x0035 ;?ICS?lstr7_teclado_lcd+0
; end of ?ICS?lstr7_teclado_lcd
;teclado_lcd.c,0 :: ?ICS?lstr4_teclado_lcd
0x03D6	0x0031 ;?ICS?lstr4_teclado_lcd+0
; end of ?ICS?lstr4_teclado_lcd
;teclado_lcd.c,0 :: ?ICS?lstr1_teclado_lcd
0x03D8	0x2D3C ;?ICS?lstr1_teclado_lcd+0
0x03DA	0x2D2D ;?ICS?lstr1_teclado_lcd+2
0x03DC	0x00 ;?ICS?lstr1_teclado_lcd+4
; end of ?ICS?lstr1_teclado_lcd
;teclado_lcd.c,0 :: ?ICS?lstr3_teclado_lcd
0x03DD	0x0034 ;?ICS?lstr3_teclado_lcd+0
; end of ?ICS?lstr3_teclado_lcd
;teclado_lcd.c,0 :: ?ICS?lstr2_teclado_lcd
0x03DF	0x0037 ;?ICS?lstr2_teclado_lcd+0
; end of ?ICS?lstr2_teclado_lcd
;teclado_lcd.c,0 :: ?ICS?lstr9_teclado_lcd
0x03E1	0x2D2D ;?ICS?lstr9_teclado_lcd+0
0x03E3	0x3E2D ;?ICS?lstr9_teclado_lcd+2
0x03E5	0x00 ;?ICS?lstr9_teclado_lcd+4
; end of ?ICS?lstr9_teclado_lcd
;teclado_lcd.c,0 :: ?ICS?lstr12_teclado_lcd
0x03E6	0x0033 ;?ICS?lstr12_teclado_lcd+0
; end of ?ICS?lstr12_teclado_lcd
;teclado_lcd.c,0 :: ?ICS?lstr11_teclado_lcd
0x03E8	0x0036 ;?ICS?lstr11_teclado_lcd+0
; end of ?ICS?lstr11_teclado_lcd
;teclado_lcd.c,0 :: ?ICS?lstr10_teclado_lcd
0x03EA	0x0039 ;?ICS?lstr10_teclado_lcd+0
; end of ?ICS?lstr10_teclado_lcd
Symbol List:
//** Routines locations **
//ADDRESS    SIZE    PROCEDURE
//----------------------------------------------
0x001C       [6]    _Delay_1us
0x0022      [22]    _Delay_5500us
0x0038      [10]    _Delay_50us
0x0042     [124]    _Lcd_Cmd
0x00BE      [12]    _Lcd_Chr_CP
0x00CA     [122]    _Lcd_Out
0x0144      [16]    ___CC2DW
0x0154     [150]    _Lcd_Init
0x01EA      [66]    _LCD
0x022C     [418]    _main
//** Variables locations ** 
//ADDRESS    SIZE    VARIABLE
//----------------------------------------------
0x0000       [1]    EEPROM_Write_SaveINTCON_L0
0x0000       [1]    FLASH_Erase_64_SaveINTCON_L0
0x0000       [1]    UART1_Init_tmp_L0
0x0000       [1]    SPI1_Write_tmp_L0
0x0000       [1]    __Lib_SoftI2C_PutZerosToLATScl_temp_scl_L0
0x0000       [1]    __Lib_SoftI2C_PutZerosToLATSda_temp_sda_L0
0x0000       [1]    R0
0x0001       [1]    ispunct_rslt_L0
0x0001       [1]    __Lib_TFT_16bit_JPEG_FileRead_i_L0
0x0001       [1]    __Lib_PS2_Wait_Falling_nsample_L0
0x0001       [1]    __Lib_TFT_JPEG_FileReadBytes_Result_L0
0x0001       [1]    R1
0x0001       [1]    FLASH_Write_8_i_L0
0x0001       [1]    UART1_Read___tmp_UART1_Read_L0
0x0001       [1]    __Lib_TFT_JPEG_FileRead_i_L0
0x0001       [1]    FLASH_Erase_Write_64_i_L0
0x0001       [1]    __Lib_TFT_16bit_JPEG_FileReadBytes_Result_L0
0x0001       [2]    FLASH_Read_N_Bytes_i_L0
0x0001       [1]    I2C1_Rd_tmp_L0
0x0002       [2]    memchr_s_L0
0x0002       [1]    FLASH_Write_8_SaveINTCON_L0
0x0002       [2]    memset_pp_L0
0x0002       [1]    FLASH_Erase_Write_64_j_L0
0x0002       [2]    memcpy_dd_L0
0x0002       [2]    strlen_cp_L0
0x0002       [1]    R2
0x0003       [2]    Ltrim_original_L0
0x0003       [2]    memmove_tt_L0
0x0003       [1]    FLASH_Erase_Write_64_SaveINTCON_L0
0x0003       [1]    __Lib_Sprinti_?FLOC____Lib_Sprinti_Do_FillT29
0x0003       [1]    MM_Init_i_L0
0x0003       [2]    MM_TotalFreeMemSize_Tot_L0
0x0003       [2]    __Lib_MmcFat16_f16_toInt_l_L0
0x0003       [1]    R3
0x0004       [2]    strcpy_cp_L0
0x0004       [2]    strncpy_cp_L0
0x0004       [2]    frexp_pom_L0
0x0004       [1]    __Lib_Sprinti_?FLOC____Lib_Sprinti_Do_FillT40
0x0004       [2]    strncat_cp_L0
0x0004       [1]    R4
0x0004       [2]    strcat_cp_L0
0x0004       [2]    __Lib_MemManager_MM_GetMemAlign_P_L0
0x0004       [2]    memcpy_ss_L0
0x0005       [1]    MM_TotalFreeMemSize_i_L0
0x0005       [2]    LongWordToHex_input_half_L0
0x0005       [2]    LongIntToHex_input_half_L0
0x0005       [2]    Ltrim_p_L0
0x0005       [1]    R5
0x0005       [2]    memmove_ff_L0
0x0005       [1]    __Lib_Sprinti_?FLOC____Lib_Sprinti_Do_FillT54
0x0006       [1]    __Lib_MemManager_MM_GetMemAlign_i_L0
0x0006       [1]    __Lib_Sprinti_?FLOC____Lib_Sprinti_Do_FillT69
0x0006       [1]    R6
0x0007       [1]    __Lib_TFT_JPEG_GenerateHuffmanTables_bLength_L0
0x0007       [1]    R7
0x0007       [1]    __Lib_TFT_16bit_JPEG_GenerateHuffmanTables_bLength_L0
0x0008       [1]    __Lib_TFT_16bit_JPEG_GenerateHuffmanTables_bTable_L0
0x0008       [1]    __Lib_TFT_JPEG_GenerateHuffmanTables_bTable_L0
0x0008       [1]    R8
0x0009       [4]    __Lib_MmcFat16_f16_toLong_l_L0
0x0009       [1]    R9
0x000A       [1]    R10
0x000B       [1]    R11
0x000C       [1]    R12
0x000D       [1]    R13
0x000E       [1]    R14
0x000F       [1]    R15
0x0010       [1]    R16
0x0011       [1]    R17
0x0012       [1]    R18
0x0013       [1]    R19
0x0014       [1]    R20
0x0015       [2]    ?lstr6_teclado_lcd
0x0017       [2]    ?lstr5_teclado_lcd
0x0019       [2]    ?lstr8_teclado_lcd
0x001B       [2]    ?lstr7_teclado_lcd
0x001D       [2]    ?lstr4_teclado_lcd
0x001F       [5]    ?lstr1_teclado_lcd
0x0024       [2]    ?lstr3_teclado_lcd
0x0026       [2]    ?lstr2_teclado_lcd
0x0028       [5]    ?lstr9_teclado_lcd
0x002D       [2]    ?lstr12_teclado_lcd
0x002F       [2]    ?lstr11_teclado_lcd
0x0031       [2]    ?lstr10_teclado_lcd
0x0033       [0]    __Lib_Lcd_cmd_status
0x0034       [2]    FARG_LCD_texto
0x0036       [1]    FARG_Lcd_Out_row
0x0037       [1]    FARG_Lcd_Out_column
0x0038       [2]    FARG_Lcd_Out_text
0x003A       [1]    Lcd_Out_i_L0
0x003B       [1]    FARG_Lcd_Chr_CP_out_char
0x003C       [1]    FARG_Lcd_Cmd_out_char
0x0F81       [1]    PORTB
0x0F83       [1]    PORTD
0x0F83       [0]    LCD_D7
0x0F83       [0]    LCD_D6
0x0F83       [0]    LCD_D5
0x0F83       [0]    LCD_D4
0x0F83       [0]    RD5_bit
0x0F83       [0]    RD7_bit
0x0F83       [0]    RD4_bit
0x0F83       [0]    RD6_bit
0x0F84       [0]    RE1_bit
0x0F84       [0]    RE2_bit
0x0F84       [0]    LCD_EN
0x0F84       [0]    LCD_RS
0x0F93       [1]    TRISB
0x0F95       [0]    LCD_D4_Direction
0x0F95       [0]    TRISD5_bit
0x0F95       [1]    TRISD
0x0F95       [0]    TRISD4_bit
0x0F95       [0]    TRISD6_bit
0x0F95       [0]    LCD_D6_Direction
0x0F95       [0]    LCD_D7_Direction
0x0F95       [0]    TRISD7_bit
0x0F95       [0]    LCD_D5_Direction
0x0F96       [0]    TRISE1_bit
0x0F96       [0]    TRISE2_bit
0x0F96       [0]    LCD_RS_Direction
0x0F96       [0]    LCD_EN_Direction
0x0FC1       [1]    ADCON1
0x0FC2       [1]    ADCON0
0x0FD8       [1]    STATUS
0x0FD9       [1]    FSR2L
0x0FDA       [1]    FSR2H
0x0FDE       [1]    POSTINC2
0x0FE0       [1]    BSR
0x0FE1       [1]    FSR1L
0x0FE2       [1]    FSR1H
0x0FE4       [1]    PREINC1
0x0FE6       [1]    POSTINC1
0x0FE7       [1]    INDF1
0x0FE8       [1]    WREG
0x0FE9       [1]    FSR0L
0x0FEA       [1]    FSR0H
0x0FEE       [1]    POSTINC0
0x0FF3       [1]    PRODL
0x0FF4       [1]    PRODH
0x0FF5       [1]    TABLAT
0x0FF6       [1]    TBLPTRL
0x0FF7       [1]    TBLPTRH
0x0FF8       [1]    TBLPTRU
//** Constants locations ** 
//ADDRESS    SIZE    CONSTANT
//----------------------------------------------
0x03CE       [2]    ?ICS?lstr6_teclado_lcd
0x03D0       [2]    ?ICS?lstr5_teclado_lcd
0x03D2       [2]    ?ICS?lstr8_teclado_lcd
0x03D4       [2]    ?ICS?lstr7_teclado_lcd
0x03D6       [2]    ?ICS?lstr4_teclado_lcd
0x03D8       [5]    ?ICS?lstr1_teclado_lcd
0x03DD       [2]    ?ICS?lstr3_teclado_lcd
0x03DF       [2]    ?ICS?lstr2_teclado_lcd
0x03E1       [5]    ?ICS?lstr9_teclado_lcd
0x03E6       [2]    ?ICS?lstr12_teclado_lcd
0x03E8       [2]    ?ICS?lstr11_teclado_lcd
0x03EA       [2]    ?ICS?lstr10_teclado_lcd
//** Label List: ** 
//----------------------------------------------
  L_LCD0
  L_LCD1
  L_main2
  L_main3
  L_main4
  L_main5
  L_main6
  L_main7
  L_main8
  L_main9
  L_main10
  L_main11
  L_main12
  L_main13
  L_main14
  L_main15
  L_main16
  L_main17
  L_main18
  L_main19
  L_main20
  L_main21
  L_main22
  L_main23
  L_main24
  L_main25
  L_main26
  L_main27
  L_main28
  L_main29
  L_main30
  L_main31
  L_main32
  L_main33
  L_main34
  L_end_LCD
  _LCD
  L_end_main
  _main
  L_Delay_10us0
  L_Delay_22us1
  L_Delay_50us2
  L_Delay_80us3
  L_Delay_500us4
  L_Delay_5500us5
  L_Delay_1ms6
  L_Delay_5ms7
  L_Delay_8ms8
  L_Delay_100ms9
  L_Delay_10ms10
  L_Delay_1sec11
  L____Boot_Delay4k12
  L____Boot_Delay8k13
  L____Boot_Delay12k14
  L____Boot_Delay16k15
  L____Boot_Delay24k16
  L____Boot_Delay32k17
  L____Boot_Delay48k18
  L____Boot_Delay64k19
  L____Boot_Delay128k20
  L_Delay_Cyc21
  L_Delay_Cyc22
  L_VDelay_ms23
  L_VDelay_ms24
  L_VDelay_ms25
  L_VDelay_Advanced_ms26
  L_VDelay_Advanced_ms27
  L_VDelay_Advanced_ms28
  L_end_Get_Fosc_kHz
  _Get_Fosc_kHz
  L_end_Delay_1us
  _Delay_1us
  L_end_Delay_10us
  _Delay_10us
  L_end_Delay_22us
  _Delay_22us
  L_end_Delay_50us
  _Delay_50us
  L_end_Delay_80us
  _Delay_80us
  L_end_Delay_500us
  _Delay_500us
  L_end_Delay_5500us
  _Delay_5500us
  L_end_Delay_1ms
  _Delay_1ms
  L_end_Delay_5ms
  _Delay_5ms
  L_end_Delay_8ms
  _Delay_8ms
  L_end_Delay_100ms
  _Delay_100ms
  L_end_Delay_10ms
  _Delay_10ms
  L_end_Delay_1sec
  _Delay_1sec
  L_end____Boot_Delay4k
  ____Boot_Delay4k
  L_end____Boot_Delay8k
  ____Boot_Delay8k
  L_end____Boot_Delay12k
  ____Boot_Delay12k
  L_end____Boot_Delay16k
  ____Boot_Delay16k
  L_end____Boot_Delay24k
  ____Boot_Delay24k
  L_end____Boot_Delay32k
  ____Boot_Delay32k
  L_end____Boot_Delay48k
  ____Boot_Delay48k
  L_end____Boot_Delay64k
  ____Boot_Delay64k
  L_end____Boot_Delay128k
  ____Boot_Delay128k
  L_end_Delay_Cyc
  _Delay_Cyc
  L_end_VDelay_ms
  _VDelay_ms
  L__VDelay_ms54
  L__VDelay_ms55
  L__VDelay_ms56
  L_end_VDelay_Advanced_ms
  _VDelay_Advanced_ms
  L__VDelay_Advanced_ms58
  L__VDelay_Advanced_ms59
  L__VDelay_Advanced_ms60
  L_Lcd_Cmd0
  L_Lcd_Cmd1
  L_Lcd_Out_CP2
  L_Lcd_Out_CP3
  L_Lcd_Chr4
  L_Lcd_Chr5
  L_Lcd_Chr6
  L_Lcd_Chr7
  L_Lcd_Chr8
  L_Lcd_Chr9
  L_Lcd_Chr10
  L_Lcd_Out11
  L_Lcd_Out12
  L_Lcd_Out13
  L_Lcd_Out14
  L_Lcd_Out15
  L_Lcd_Out16
  L_Lcd_Out17
  L_Lcd_Out18
  L_Lcd_Out19
  L_end_Lcd_Cmd
  _Lcd_Cmd
  L__Lcd_Cmd21
  L__Lcd_Cmd22
  L__Lcd_Cmd23
  L__Lcd_Cmd24
  L__Lcd_Cmd25
  L__Lcd_Cmd26
  L__Lcd_Cmd27
  L__Lcd_Cmd28
  L__Lcd_Cmd29
  L__Lcd_Cmd30
  L__Lcd_Cmd31
  L__Lcd_Cmd32
  L__Lcd_Cmd33
  L__Lcd_Cmd34
  L__Lcd_Cmd35
  L__Lcd_Cmd36
  L__Lcd_Cmd37
  L__Lcd_Cmd38
  L__Lcd_Cmd39
  L__Lcd_Cmd40
  L_end_Lcd_Chr_CP
  _Lcd_Chr_CP
  L_end_Lcd_Out_CP
  _Lcd_Out_CP
  L_end_Lcd_Chr
  _Lcd_Chr
  L_end_Lcd_Init
  _Lcd_Init
  L_end_Lcd_Out
  _Lcd_Out
  _CC2D_Loop1
  _CC2DL_Loop1
  L_loopCA2AWs
  L_loopCCA2AWs
  L_loopCS2Ss
  L_CS2Send
  L_loopCCS2Ss
  L_CCS2Send
  L_loopFZinSWs
  L_longjmp7
  L_end___CC2D
  ___CC2D
  L_end___CC2DW
  ___CC2DW
  L_end___CA2AW
  ___CA2AW
  L_end___CCA2AW
  ___CCA2AW
  L_end___CS2S
  ___CS2S
  L_end___CCS2S
  ___CCS2S
  L_end___FZinS
  ___FZinS
  L_end_____DoIFC
  _____DoIFC
  L_end_Swap
  _Swap
  L_end_setjmp
  _setjmp
  L_end_longjmp
  _longjmp
