;  LST file generated by mikroListExporter - v.2.0 
; Date/Time: 18/03/2015 11:21:55
;----------------------------------------------

;Address Opcode 	ASM
0x0000	0xF000EF61  	GOTO        194
0x0004	0x0000      	NOP
0x0006	0x0000      	NOP
0x0008	0xF000EF00  	GOTO        0
0x000C	0x0000      	NOP
0x000E	0x0000      	NOP
0x0010	0x0000      	NOP
0x0012	0x0000      	NOP
0x0014	0x0000      	NOP
0x0016	0x0000      	NOP
0x0018	0xD7F3      	BRA         0
_fdc:
;Morse.c,22 :: 		void fdc(){
;Morse.c,23 :: 		delay_ms(1000);
0x001C	0x0E0B      	MOVLW       11
0x001E	0x6E0B      	MOVWF       R11, 0
0x0020	0x0E26      	MOVLW       38
0x0022	0x6E0C      	MOVWF       R12, 0
0x0024	0x0E5D      	MOVLW       93
0x0026	0x6E0D      	MOVWF       R13, 0
L_fdc4:
0x0028	0x2E0D      	DECFSZ      R13, 1, 0
0x002A	0xD7FE      	BRA         L_fdc4
0x002C	0x2E0C      	DECFSZ      R12, 1, 0
0x002E	0xD7FC      	BRA         L_fdc4
0x0030	0x2E0B      	DECFSZ      R11, 1, 0
0x0032	0xD7FA      	BRA         L_fdc4
0x0034	0x0000      	NOP
0x0036	0x0000      	NOP
;Morse.c,24 :: 		}
L_end_fdc:
0x0038	0x0012      	RETURN      0
; end of _fdc
___CC2DW:
;__Lib_System.c,21 :: 		
;__Lib_System.c,23 :: 		
_CC2DL_Loop1:
;__Lib_System.c,24 :: 		
0x003A	0x0009      	TBLRD*+
;__Lib_System.c,25 :: 		
0x003C	0xFFE6CFF5  	MOVFF       TABLAT, POSTINC1
;__Lib_System.c,26 :: 		
0x0040	0x0600      	DECF        R0, 1, 0
;__Lib_System.c,27 :: 		
0x0042	0xE1FB      	BNZ         _CC2DL_Loop1
;__Lib_System.c,28 :: 		
0x0044	0x0601      	DECF        R1, 1, 0
;__Lib_System.c,29 :: 		
0x0046	0xE1F9      	BNZ         _CC2DL_Loop1
;__Lib_System.c,31 :: 		
L_end___CC2DW:
0x0048	0x0012      	RETURN      0
; end of ___CC2DW
_traco:
;Morse.c,15 :: 		void traco(){
;Morse.c,16 :: 		portd = 255;
0x004A	0x0EFF      	MOVLW       255
0x004C	0x6E83      	MOVWF       PORTD 
;Morse.c,17 :: 		delay_ms(1000);
0x004E	0x0E0B      	MOVLW       11
0x0050	0x6E0B      	MOVWF       R11, 0
0x0052	0x0E26      	MOVLW       38
0x0054	0x6E0C      	MOVWF       R12, 0
0x0056	0x0E5D      	MOVLW       93
0x0058	0x6E0D      	MOVWF       R13, 0
L_traco2:
0x005A	0x2E0D      	DECFSZ      R13, 1, 0
0x005C	0xD7FE      	BRA         L_traco2
0x005E	0x2E0C      	DECFSZ      R12, 1, 0
0x0060	0xD7FC      	BRA         L_traco2
0x0062	0x2E0B      	DECFSZ      R11, 1, 0
0x0064	0xD7FA      	BRA         L_traco2
0x0066	0x0000      	NOP
0x0068	0x0000      	NOP
;Morse.c,18 :: 		portd = 0;
0x006A	0x6A83      	CLRF        PORTD 
;Morse.c,19 :: 		delay_ms(200);
0x006C	0x0E03      	MOVLW       3
0x006E	0x6E0B      	MOVWF       R11, 0
0x0070	0x0E08      	MOVLW       8
0x0072	0x6E0C      	MOVWF       R12, 0
0x0074	0x0E77      	MOVLW       119
0x0076	0x6E0D      	MOVWF       R13, 0
L_traco3:
0x0078	0x2E0D      	DECFSZ      R13, 1, 0
0x007A	0xD7FE      	BRA         L_traco3
0x007C	0x2E0C      	DECFSZ      R12, 1, 0
0x007E	0xD7FC      	BRA         L_traco3
0x0080	0x2E0B      	DECFSZ      R11, 1, 0
0x0082	0xD7FA      	BRA         L_traco3
;Morse.c,20 :: 		}
L_end_traco:
0x0084	0x0012      	RETURN      0
; end of _traco
_ponto:
;Morse.c,8 :: 		void ponto(){
;Morse.c,9 :: 		portd = 255;
0x0086	0x0EFF      	MOVLW       255
0x0088	0x6E83      	MOVWF       PORTD 
;Morse.c,10 :: 		delay_ms(250);
0x008A	0x0E03      	MOVLW       3
0x008C	0x6E0B      	MOVWF       R11, 0
0x008E	0x0E8A      	MOVLW       138
0x0090	0x6E0C      	MOVWF       R12, 0
0x0092	0x0E55      	MOVLW       85
0x0094	0x6E0D      	MOVWF       R13, 0
L_ponto0:
0x0096	0x2E0D      	DECFSZ      R13, 1, 0
0x0098	0xD7FE      	BRA         L_ponto0
0x009A	0x2E0C      	DECFSZ      R12, 1, 0
0x009C	0xD7FC      	BRA         L_ponto0
0x009E	0x2E0B      	DECFSZ      R11, 1, 0
0x00A0	0xD7FA      	BRA         L_ponto0
0x00A2	0x0000      	NOP
0x00A4	0x0000      	NOP
;Morse.c,11 :: 		portd = 0;
0x00A6	0x6A83      	CLRF        PORTD 
;Morse.c,12 :: 		delay_ms(200);
0x00A8	0x0E03      	MOVLW       3
0x00AA	0x6E0B      	MOVWF       R11, 0
0x00AC	0x0E08      	MOVLW       8
0x00AE	0x6E0C      	MOVWF       R12, 0
0x00B0	0x0E77      	MOVLW       119
0x00B2	0x6E0D      	MOVWF       R13, 0
L_ponto1:
0x00B4	0x2E0D      	DECFSZ      R13, 1, 0
0x00B6	0xD7FE      	BRA         L_ponto1
0x00B8	0x2E0C      	DECFSZ      R12, 1, 0
0x00BA	0xD7FC      	BRA         L_ponto1
0x00BC	0x2E0B      	DECFSZ      R11, 1, 0
0x00BE	0xD7FA      	BRA         L_ponto1
;Morse.c,13 :: 		}
L_end_ponto:
0x00C0	0x0012      	RETURN      0
; end of _ponto
_main:
;Morse.c,27 :: 		void main() {
;Morse.c,29 :: 		trisb = 3; //rb1 e rb0 definidos como entrada
0x00C2	0x0E03      	MOVLW       3
0x00C4	0x6E93      	MOVWF       TRISB 
;Morse.c,30 :: 		trisd = 0; //rd0 a rd7 definidos como saida
0x00C6	0x6A95      	CLRF        TRISD 
;Morse.c,32 :: 		while(1){
L_main5:
;Morse.c,34 :: 		while(portb.b0 == 0){
L_main7:
0x00C8	0xB081      	BTFSC       PORTB, 0 
0x00CA	0xD00D      	BRA         L_main8
;Morse.c,37 :: 		ponto();
0x00CC	0xDFDC      	RCALL       _ponto
;Morse.c,38 :: 		traco();
0x00CE	0xDFBD      	RCALL       _traco
;Morse.c,39 :: 		ponto();
0x00D0	0xDFDA      	RCALL       _ponto
;Morse.c,40 :: 		fdc();
0x00D2	0xDFA4      	RCALL       _fdc
;Morse.c,43 :: 		ponto();
0x00D4	0xDFD8      	RCALL       _ponto
;Morse.c,44 :: 		traco();
0x00D6	0xDFB9      	RCALL       _traco
;Morse.c,45 :: 		ponto();
0x00D8	0xDFD6      	RCALL       _ponto
;Morse.c,46 :: 		fdc();
0x00DA	0xDFA0      	RCALL       _fdc
;Morse.c,49 :: 		ponto();
0x00DC	0xDFD4      	RCALL       _ponto
;Morse.c,50 :: 		traco();
0x00DE	0xDFB5      	RCALL       _traco
;Morse.c,51 :: 		traco();
0x00E0	0xDFB4      	RCALL       _traco
;Morse.c,52 :: 		fdc();
0x00E2	0xDF9C      	RCALL       _fdc
;Morse.c,53 :: 		}
0x00E4	0xD7F1      	BRA         L_main7
L_main8:
;Morse.c,56 :: 		while(portb.b1 == 0){
L_main9:
0x00E6	0xB281      	BTFSC       PORTB, 1 
0x00E8	0xD037      	BRA         L_main10
;Morse.c,58 :: 		ponto();
0x00EA	0xDFCD      	RCALL       _ponto
;Morse.c,59 :: 		ponto();
0x00EC	0xDFCC      	RCALL       _ponto
;Morse.c,60 :: 		traco();
0x00EE	0xDFAD      	RCALL       _traco
;Morse.c,61 :: 		traco();
0x00F0	0xDFAC      	RCALL       _traco
;Morse.c,62 :: 		traco();
0x00F2	0xDFAB      	RCALL       _traco
;Morse.c,63 :: 		fdc();
0x00F4	0xDF93      	RCALL       _fdc
;Morse.c,66 :: 		traco();
0x00F6	0xDFA9      	RCALL       _traco
;Morse.c,67 :: 		traco();
0x00F8	0xDFA8      	RCALL       _traco
;Morse.c,68 :: 		traco();
0x00FA	0xDFA7      	RCALL       _traco
;Morse.c,69 :: 		traco();
0x00FC	0xDFA6      	RCALL       _traco
;Morse.c,70 :: 		traco();
0x00FE	0xDFA5      	RCALL       _traco
;Morse.c,71 :: 		fdc();
0x0100	0xDF8D      	RCALL       _fdc
;Morse.c,74 :: 		ponto();
0x0102	0xDFC1      	RCALL       _ponto
;Morse.c,75 :: 		traco();
0x0104	0xDFA2      	RCALL       _traco
;Morse.c,76 :: 		traco();
0x0106	0xDFA1      	RCALL       _traco
;Morse.c,77 :: 		traco();
0x0108	0xDFA0      	RCALL       _traco
;Morse.c,78 :: 		traco();
0x010A	0xDF9F      	RCALL       _traco
;Morse.c,79 :: 		fdc();
0x010C	0xDF87      	RCALL       _fdc
;Morse.c,82 :: 		traco();
0x010E	0xDF9D      	RCALL       _traco
;Morse.c,83 :: 		traco();
0x0110	0xDF9C      	RCALL       _traco
;Morse.c,84 :: 		traco();
0x0112	0xDF9B      	RCALL       _traco
;Morse.c,85 :: 		traco();
0x0114	0xDF9A      	RCALL       _traco
;Morse.c,86 :: 		traco();
0x0116	0xDF99      	RCALL       _traco
;Morse.c,87 :: 		fdc();
0x0118	0xDF81      	RCALL       _fdc
;Morse.c,90 :: 		ponto();
0x011A	0xDFB5      	RCALL       _ponto
;Morse.c,91 :: 		ponto();
0x011C	0xDFB4      	RCALL       _ponto
;Morse.c,92 :: 		traco();
0x011E	0xDF95      	RCALL       _traco
;Morse.c,93 :: 		traco();
0x0120	0xDF94      	RCALL       _traco
;Morse.c,94 :: 		traco();
0x0122	0xDF93      	RCALL       _traco
;Morse.c,95 :: 		fdc();
0x0124	0xDF7B      	RCALL       _fdc
;Morse.c,98 :: 		traco();
0x0126	0xDF91      	RCALL       _traco
;Morse.c,99 :: 		traco();
0x0128	0xDF90      	RCALL       _traco
;Morse.c,100 :: 		traco();
0x012A	0xDF8F      	RCALL       _traco
;Morse.c,101 :: 		traco();
0x012C	0xDF8E      	RCALL       _traco
;Morse.c,102 :: 		traco();
0x012E	0xDF8D      	RCALL       _traco
;Morse.c,103 :: 		fdc();
0x0130	0xDF75      	RCALL       _fdc
;Morse.c,106 :: 		traco();
0x0132	0xDF8B      	RCALL       _traco
;Morse.c,107 :: 		ponto();
0x0134	0xDFA8      	RCALL       _ponto
;Morse.c,108 :: 		ponto();
0x0136	0xDFA7      	RCALL       _ponto
;Morse.c,109 :: 		ponto();
0x0138	0xDFA6      	RCALL       _ponto
;Morse.c,110 :: 		ponto();
0x013A	0xDFA5      	RCALL       _ponto
;Morse.c,111 :: 		fdc();
0x013C	0xDF6F      	RCALL       _fdc
;Morse.c,114 :: 		ponto();
0x013E	0xDFA3      	RCALL       _ponto
;Morse.c,115 :: 		ponto();
0x0140	0xDFA2      	RCALL       _ponto
;Morse.c,116 :: 		ponto();
0x0142	0xDFA1      	RCALL       _ponto
;Morse.c,117 :: 		ponto();
0x0144	0xDFA0      	RCALL       _ponto
;Morse.c,118 :: 		ponto();
0x0146	0xDF9F      	RCALL       _ponto
;Morse.c,119 :: 		fdc();
0x0148	0xDF69      	RCALL       _fdc
;Morse.c,122 :: 		traco();
0x014A	0xDF7F      	RCALL       _traco
;Morse.c,123 :: 		ponto();
0x014C	0xDF9C      	RCALL       _ponto
;Morse.c,124 :: 		ponto();
0x014E	0xDF9B      	RCALL       _ponto
;Morse.c,125 :: 		ponto();
0x0150	0xDF9A      	RCALL       _ponto
;Morse.c,126 :: 		ponto();
0x0152	0xDF99      	RCALL       _ponto
;Morse.c,127 :: 		fdc();
0x0154	0xDF63      	RCALL       _fdc
;Morse.c,129 :: 		}
0x0156	0xD7C7      	BRA         L_main9
L_main10:
;Morse.c,131 :: 		}
0x0158	0xD7B7      	BRA         L_main5
;Morse.c,132 :: 		}
L_end_main:
0x015A	0xD7FF      	BRA         $+0
; end of _main
Symbol List:
//** Routines locations **
//ADDRESS    SIZE    PROCEDURE
//----------------------------------------------
0x001C      [30]    _fdc
0x003A      [16]    ___CC2DW
0x004A      [60]    _traco
0x0086      [60]    _ponto
0x00C2     [154]    _main
//** Variables locations ** 
//ADDRESS    SIZE    VARIABLE
//----------------------------------------------
0x0000       [1]    FLASH_Erase_64_SaveINTCON_L0
0x0000       [1]    SPI1_Write_tmp_L0
0x0000       [1]    EEPROM_Write_SaveINTCON_L0
0x0000       [1]    UART1_Init_tmp_L0
0x0000       [1]    R0
0x0000       [1]    __Lib_SoftI2C_PutZerosToLATScl_temp_scl_L0
0x0000       [1]    __Lib_SoftI2C_PutZerosToLATSda_temp_sda_L0
0x0001       [1]    UART1_Read___tmp_UART1_Read_L0
0x0001       [1]    __Lib_TFT_16bit_JPEG_FileReadBytes_Result_L0
0x0001       [1]    I2C1_Rd_tmp_L0
0x0001       [1]    __Lib_TFT_JPEG_FileReadBytes_Result_L0
0x0001       [1]    FLASH_Write_32_i_L0
0x0001       [1]    FLASH_Erase_Write_64_i_L0
0x0001       [1]    __Lib_TFT_JPEG_FileRead_i_L0
0x0001       [1]    ispunct_rslt_L0
0x0001       [1]    R1
0x0001       [1]    __Lib_PS2_Wait_Falling_nsample_L0
0x0001       [2]    FLASH_Read_N_Bytes_i_L0
0x0001       [1]    __Lib_TFT_16bit_JPEG_FileRead_i_L0
0x0002       [2]    memchr_s_L0
0x0002       [2]    strlen_cp_L0
0x0002       [1]    R2
0x0002       [2]    memcpy_dd_L0
0x0002       [1]    FLASH_Write_32_SaveINTCON_L0
0x0002       [2]    __Lib_USB_genHID_memset_usb_int_pp_L0
0x0002       [1]    FLASH_Erase_Write_64_j_L0
0x0002       [2]    __Lib_USB_genHID_memset_usb_pp_L0
0x0002       [1]    __Lib_USB_genHID_USB_CtrlTrf_Rx_Service_byteToRead_L0
0x0002       [2]    memset_pp_L0
0x0003       [1]    __Lib_USB_genHID_USB_CtrlTrf_Rx_Service_i_L0
0x0003       [2]    MM_TotalFreeMemSize_Tot_L0
0x0003       [1]    MM_Init_i_L0
0x0003       [2]    __Lib_USB_genHID_USB_CtrlTrf_Tx_Service_byteToSend_L0
0x0003       [1]    FLASH_Erase_Write_64_SaveINTCON_L0
0x0003       [2]    __Lib_MmcFat16_f16_toInt_l_L0
0x0003       [1]    R3
0x0003       [2]    Ltrim_original_L0
0x0003       [2]    memmove_tt_L0
0x0004       [2]    __Lib_USB_genHID_USB_Get_Status_Handler_p_L2
0x0004       [2]    __Lib_USB_genHID_USB_Std_Feature_Req_Handler_p_L0
0x0004       [1]    R4
0x0004       [2]    __Lib_USB_genHID_USB_Transfer_Packet_Int_handle_L0
0x0004       [2]    __Lib_USB_genHID_USB_Transfer_Packet_handle_L0
0x0004       [2]    __Lib_MemManager_MM_GetMemAlign_P_L0
0x0004       [2]    strcpy_cp_L0
0x0004       [2]    strncat_cp_L0
0x0004       [2]    strncpy_cp_L0
0x0004       [2]    strcat_cp_L0
0x0004       [2]    frexp_pom_L0
0x0004       [2]    memcpy_ss_L0
0x0005       [1]    R5
0x0005       [2]    LongIntToHex_input_half_L0
0x0005       [2]    Ltrim_p_L0
0x0005       [2]    LongWordToHex_input_half_L0
0x0005       [2]    memmove_ff_L0
0x0005       [1]    MM_TotalFreeMemSize_i_L0
0x0005       [2]    __Lib_USB_genHID_USB_Configure_Endpoint_handle_L0
0x0006       [1]    R6
0x0006       [1]    __Lib_MemManager_MM_GetMemAlign_i_L0
0x0007       [1]    R7
0x0007       [1]    __Lib_TFT_JPEG_GenerateHuffmanTables_bLength_L0
0x0007       [1]    __Lib_TFT_16bit_JPEG_GenerateHuffmanTables_bLength_L0
0x0008       [1]    __Lib_TFT_16bit_JPEG_GenerateHuffmanTables_bTable_L0
0x0008       [1]    R8
0x0008       [1]    __Lib_TFT_JPEG_GenerateHuffmanTables_bTable_L0
0x0009       [1]    R9
0x0009       [4]    __Lib_MmcFat16_f16_toLong_l_L0
0x000A       [1]    R10
0x000B       [1]    R11
0x000C       [1]    R12
0x000D       [1]    R13
0x000E       [1]    R14
0x000F       [1]    R15
0x0010       [1]    R16
0x0011       [1]    R17
0x0012       [1]    R18
0x0013       [1]    R19
0x0014       [1]    R20
0x0F81       [1]    PORTB
0x0F83       [1]    PORTD
0x0F93       [1]    TRISB
0x0F95       [1]    TRISD
0x0FD8       [1]    STATUS
0x0FD9       [1]    FSR2L
0x0FDA       [1]    FSR2H
0x0FDE       [1]    POSTINC2
0x0FE0       [1]    BSR
0x0FE1       [1]    FSR1L
0x0FE2       [1]    FSR1H
0x0FE4       [1]    PREINC1
0x0FE6       [1]    POSTINC1
0x0FE7       [1]    INDF1
0x0FE8       [1]    WREG
0x0FE9       [1]    FSR0L
0x0FEA       [1]    FSR0H
0x0FEE       [1]    POSTINC0
0x0FF3       [1]    PRODL
0x0FF4       [1]    PRODH
0x0FF5       [1]    TABLAT
0x0FF6       [1]    TBLPTRL
0x0FF7       [1]    TBLPTRH
0x0FF8       [1]    TBLPTRU
//** Label List: ** 
//----------------------------------------------
  L_ponto0
  L_ponto1
  L_traco2
  L_traco3
  L_fdc4
  L_main5
  L_main6
  L_main7
  L_main8
  L_main9
  L_main10
  L_end_ponto
  _ponto
  L_end_traco
  _traco
  L_end_fdc
  _fdc
  L_end_main
  _main
  _CC2D_Loop1
  _CC2DL_Loop1
  L_loopCA2AWs
  L_loopCCA2AWs
  L_loopCS2Ss
  L_CS2Send
  L_loopCCS2Ss
  L_CCS2Send
  L_loopFZinSWs
  L_longjmp7
  L_end___CC2D
  ___CC2D
  L_end___CC2DW
  ___CC2DW
  L_end___CA2AW
  ___CA2AW
  L_end___CCA2AW
  ___CCA2AW
  L_end___CS2S
  ___CS2S
  L_end___CCS2S
  ___CCS2S
  L_end___FZinS
  ___FZinS
  L_end_____DoIFC
  _____DoIFC
  L_end_Swap
  _Swap
  L_end_setjmp
  _setjmp
  L_end_longjmp
  _longjmp
